<?xml version="1.0" encoding="UTF-8"?>
<robot generator="Robot 4.1.3 (Python 3.9.7 on win32)" generated="20220302 18:33:09.523" rpa="false" schemaversion="2">
<suite id="s1" name="Signup" source="C:\gravidadezero\getgeeks\project\tests\Signup.robot">
<test id="s1-t1" name="Register a new user">
<kw name="Start Session" library="Base" type="SETUP">
<kw name="New Browser" library="Browser">
<arg>chromium</arg>
<arg>headless=false</arg>
<arg>slowMo=00:00:00.5</arg>
<tag>BrowserControl</tag>
<tag>Setter</tag>
<doc>Create a new playwright Browser with specified options.</doc>
<msg timestamp="20220302 18:33:11.231" level="INFO">{"browser": "chromium", "headless": false, "handleSIGINT": true, "handleSIGTERM": true, "handleSIGHUP": true, "timeout": 30000.0, "devtools": false, "slowMo": 500.0, "tracesDir": "C:\\gravidadezero\\getgeeks\\project\\logs\\browser\\traces\\3d919487-96b7-4470-b56f-a0e72addea05"}</msg>
<msg timestamp="20220302 18:33:12.799" level="INFO">Successfully created browser with options: {"browser":"chromium","headless":false,"handleSIGINT":true,"handleSIGTERM":true,"handleSIGHUP":true,"timeout":30000,"devtools":false,"slowMo":500,"tracesDir":"C:\\gravidadezero\\getgeeks\\project\\logs\\browser\\traces\\3d919487-96b7-4470-b56f-a0e72addea05"}</msg>
<status status="PASS" starttime="20220302 18:33:11.231" endtime="20220302 18:33:12.800"/>
</kw>
<kw name="New Page" library="Browser">
<arg>${BASE_URL}</arg>
<tag>BrowserControl</tag>
<tag>Setter</tag>
<doc>Open a new Page.</doc>
<msg timestamp="20220302 18:33:15.657" level="INFO">Successfully initialized new page object and opened url: https://getgeeks-kesia.herokuapp.com</msg>
<msg timestamp="20220302 18:33:15.657" level="INFO">No context was open. New context was automatically opened when this page is created.</msg>
<status status="PASS" starttime="20220302 18:33:12.800" endtime="20220302 18:33:15.657"/>
</kw>
<status status="PASS" starttime="20220302 18:33:11.230" endtime="20220302 18:33:15.658"/>
</kw>
<kw name="Factory User" library="Users">
<var>${user}</var>
<msg timestamp="20220302 18:33:15.659" level="INFO">${user} = {'name': 'Sherri', 'lastname': 'Collins', 'email': 'duaneedwards@gmail.com', 'password': 'qwe123'}</msg>
<status status="PASS" starttime="20220302 18:33:15.658" endtime="20220302 18:33:15.659"/>
</kw>
<kw name="Go To Signup Form" library="Actions">
<kw name="Go To" library="Browser">
<arg>${BASE_URL}/signup</arg>
<tag>BrowserControl</tag>
<tag>Setter</tag>
<doc>Navigates to the given ``url``.</doc>
<msg timestamp="20220302 18:33:17.009" level="INFO">Successfully opened URL https://getgeeks-kesia.herokuapp.com/signup</msg>
<status status="PASS" starttime="20220302 18:33:15.661" endtime="20220302 18:33:17.009"/>
</kw>
<kw name="Wait For Elements State" library="Browser">
<arg>css=.signup-form</arg>
<arg>visible</arg>
<arg>5</arg>
<tag>PageContent</tag>
<tag>Wait</tag>
<doc>Waits for the element found by ``selector`` to satisfy state option.</doc>
<msg timestamp="20220302 18:33:17.046" level="INFO">Waited for Element with selector css=.signup-form at state visible</msg>
<status status="PASS" starttime="20220302 18:33:17.009" endtime="20220302 18:33:17.046"/>
</kw>
<status status="PASS" starttime="20220302 18:33:15.660" endtime="20220302 18:33:17.047"/>
</kw>
<kw name="Fill Signup Form" library="Actions">
<arg>${user}</arg>
<kw name="Fill Text" library="Browser">
<arg>id=name</arg>
<arg>${user}[name]</arg>
<tag>PageContent</tag>
<tag>Setter</tag>
<doc>Clears and fills the given ``txt`` into the text field found by ``selector``.</doc>
<msg timestamp="20220302 18:33:17.048" level="INFO">Fills the text 'Sherri' in the given field.</msg>
<status status="PASS" starttime="20220302 18:33:17.048" endtime="20220302 18:33:17.579"/>
</kw>
<kw name="Fill Text" library="Browser">
<arg>id=lastname</arg>
<arg>${user}[lastname]</arg>
<tag>PageContent</tag>
<tag>Setter</tag>
<doc>Clears and fills the given ``txt`` into the text field found by ``selector``.</doc>
<msg timestamp="20220302 18:33:17.579" level="INFO">Fills the text 'Collins' in the given field.</msg>
<status status="PASS" starttime="20220302 18:33:17.579" endtime="20220302 18:33:18.105"/>
</kw>
<kw name="Fill Text" library="Browser">
<arg>id=email</arg>
<arg>${user}[email]</arg>
<tag>PageContent</tag>
<tag>Setter</tag>
<doc>Clears and fills the given ``txt`` into the text field found by ``selector``.</doc>
<msg timestamp="20220302 18:33:18.105" level="INFO">Fills the text 'duaneedwards@gmail.com' in the given field.</msg>
<status status="PASS" starttime="20220302 18:33:18.105" endtime="20220302 18:33:18.632"/>
</kw>
<kw name="Fill Text" library="Browser">
<arg>id=password</arg>
<arg>${user}[password]</arg>
<tag>PageContent</tag>
<tag>Setter</tag>
<doc>Clears and fills the given ``txt`` into the text field found by ``selector``.</doc>
<msg timestamp="20220302 18:33:18.632" level="INFO">Fills the text 'qwe123' in the given field.</msg>
<status status="PASS" starttime="20220302 18:33:18.632" endtime="20220302 18:33:19.159"/>
</kw>
<status status="PASS" starttime="20220302 18:33:17.047" endtime="20220302 18:33:19.159"/>
</kw>
<kw name="Submit Signup Form" library="Actions">
<kw name="Click" library="Browser">
<arg>css=.submit-button &gt;&gt; text=Cadastrar</arg>
<tag>PageContent</tag>
<tag>Setter</tag>
<doc>Simulates mouse click on the element found by ``selector``.</doc>
<status status="PASS" starttime="20220302 18:33:19.160" endtime="20220302 18:33:19.733"/>
</kw>
<status status="PASS" starttime="20220302 18:33:19.160" endtime="20220302 18:33:19.733"/>
</kw>
<kw name="User Should Be Registered" library="Actions">
<kw name="Set Variable" library="BuiltIn">
<var>${expected_message}</var>
<arg>css=p &gt;&gt; text=Agora você faz parte da Getgeeks. Tenha uma ótima experiência.</arg>
<doc>Returns the given values which can then be assigned to a variables.</doc>
<msg timestamp="20220302 18:33:19.734" level="INFO">${expected_message} = css=p &gt;&gt; text=Agora você faz parte da Getgeeks. Tenha uma ótima experiência.</msg>
<status status="PASS" starttime="20220302 18:33:19.734" endtime="20220302 18:33:19.734"/>
</kw>
<kw name="Wait For Elements State" library="Browser">
<arg>${expected_message}</arg>
<arg>visible</arg>
<arg>5</arg>
<tag>PageContent</tag>
<tag>Wait</tag>
<doc>Waits for the element found by ``selector`` to satisfy state option.</doc>
<msg timestamp="20220302 18:33:20.112" level="INFO">Waited for Element with selector css=p &gt;&gt; text=Agora você faz parte da Getgeeks. Tenha uma ótima experiência. at state visible</msg>
<status status="PASS" starttime="20220302 18:33:19.734" endtime="20220302 18:33:20.113"/>
</kw>
<status status="PASS" starttime="20220302 18:33:19.734" endtime="20220302 18:33:20.113"/>
</kw>
<kw name="Finish Session" library="Base" type="TEARDOWN">
<kw name="Take Screenshot" library="Browser">
<tag>PageContent</tag>
<doc>Takes a screenshot of the current window or element and saves it to disk.</doc>
<msg timestamp="20220302 18:33:20.252" level="INFO" html="true">&lt;/td&gt;&lt;/tr&gt;&lt;tr&gt;&lt;td colspan="3"&gt;&lt;a href="browser/screenshot/robotframework-browser-screenshot-1.png"&gt;&lt;img src="browser/screenshot/robotframework-browser-screenshot-1.png" width="800px"&gt;&lt;/a&gt;</msg>
<status status="PASS" starttime="20220302 18:33:20.114" endtime="20220302 18:33:20.253"/>
</kw>
<status status="PASS" starttime="20220302 18:33:20.114" endtime="20220302 18:33:20.253"/>
</kw>
<status status="PASS" starttime="20220302 18:33:11.226" endtime="20220302 18:33:20.254"/>
</test>
<doc>Signup Test Suite</doc>
<status status="PASS" starttime="20220302 18:33:09.527" endtime="20220302 18:33:20.350"/>
</suite>
<statistics>
<total>
<stat pass="1" fail="0" skip="0">All Tests</stat>
</total>
<tag>
</tag>
<suite>
<stat pass="1" fail="0" skip="0" id="s1" name="Signup">Signup</stat>
</suite>
</statistics>
<errors>
</errors>
</robot>
