<?xml version="1.0" encoding="UTF-8"?>
<robot generator="Rebot 4.1.3 (Python 3.10.1 on win32)" generated="20220309 20:58:43.180" rpa="false" schemaversion="2">
<suite id="s1" name="Tests" source="C:\gravidadezero\getgeeks\project\tests">
<suite id="s1-s1" name="AttemptBeGeek" source="C:\gravidadezero\getgeeks\project\tests\AttemptBeGeek.robot">
<kw name="Start Session For Attempt Be Geek" type="SETUP">
<kw name="Factory User" library="Users">
<var>${user}</var>
<arg>attempt_be_geek</arg>
<msg timestamp="20220309 20:58:02.200" level="INFO">${user} = {'name': 'Dio', 'lastname': 'Linux', 'email': 'dio@linux.com', 'password': 'qwe123', 'geek_profile': {'whats': '11999999999', 'desc': 'Lorem ipsum dolor sit amet, consectetur adipiscing elit. Nam tris...</msg>
<status status="PASS" starttime="20220309 20:58:02.199" endtime="20220309 20:58:02.201"/>
</kw>
<kw name="Start Session" library="Base">
<kw name="New Browser" library="Browser">
<arg>${BROWSER}</arg>
<arg>headless=${HEADLESS}</arg>
<tag>BrowserControl</tag>
<tag>Setter</tag>
<doc>Create a new playwright Browser with specified options.</doc>
<msg timestamp="20220309 20:58:02.203" level="INFO">{"browser": "chromium", "headless": true, "handleSIGINT": true, "handleSIGTERM": true, "handleSIGHUP": true, "timeout": 30000.0, "devtools": false, "slowMo": 0.0, "tracesDir": "C:\\gravidadezero\\getgeeks\\project\\logs\\pabot_results\\0\\browser\\traces\\87d4eb08-9adb-45c6-9f7f-600937f6afd7"}</msg>
<msg timestamp="20220309 20:58:04.761" level="INFO">Successfully created browser with options: {"browser":"chromium","headless":true,"handleSIGINT":true,"handleSIGTERM":true,"handleSIGHUP":true,"timeout":30000,"devtools":false,"slowMo":0,"tracesDir":"C:\\gravidadezero\\getgeeks\\project\\logs\\pabot_results\\0\\browser\\traces\\87d4eb08-9adb-45c6-9f7f-600937f6afd7"}</msg>
<status status="PASS" starttime="20220309 20:58:02.202" endtime="20220309 20:58:04.761"/>
</kw>
<kw name="New Page" library="Browser">
<arg>${BASE_URL}</arg>
<tag>BrowserControl</tag>
<tag>Setter</tag>
<doc>Open a new Page.</doc>
<msg timestamp="20220309 20:58:10.353" level="INFO">Successfully initialized new page object and opened url: https://getgeeks-kesia.herokuapp.com</msg>
<msg timestamp="20220309 20:58:10.353" level="INFO">No context was open. New context was automatically opened when this page is created.</msg>
<status status="PASS" starttime="20220309 20:58:04.762" endtime="20220309 20:58:10.354"/>
</kw>
<kw name="Set Viewport Size" library="Browser">
<arg>1280</arg>
<arg>768</arg>
<tag>BrowserControl</tag>
<tag>Setter</tag>
<doc>Sets current Pages viewport size to specified dimensions.</doc>
<msg timestamp="20220309 20:58:10.372" level="INFO">Set viewport size to: [object Object]</msg>
<status status="PASS" starttime="20220309 20:58:10.354" endtime="20220309 20:58:10.373"/>
</kw>
<status status="PASS" starttime="20220309 20:58:02.201" endtime="20220309 20:58:10.373"/>
</kw>
<kw name="Do Login" library="Helpers">
<arg>${user}</arg>
<kw name="Go To Login Page" library="AuthActions">
<kw name="Go To" library="Browser">
<arg>${BASE_URL}</arg>
<tag>BrowserControl</tag>
<tag>Setter</tag>
<doc>Navigates to the given ``url``.</doc>
<msg timestamp="20220309 20:58:10.991" level="INFO">Successfully opened URL https://getgeeks-kesia.herokuapp.com</msg>
<status status="PASS" starttime="20220309 20:58:10.376" endtime="20220309 20:58:10.991"/>
</kw>
<kw name="Wait For Elements State" library="Browser">
<arg>css=.login-form</arg>
<arg>Visible</arg>
<arg>5</arg>
<tag>PageContent</tag>
<tag>Wait</tag>
<doc>Waits for the element found by ``selector`` to satisfy state option.</doc>
<msg timestamp="20220309 20:58:11.056" level="INFO">Waited for Element with selector css=.login-form at state visible</msg>
<status status="PASS" starttime="20220309 20:58:10.991" endtime="20220309 20:58:11.057"/>
</kw>
<status status="PASS" starttime="20220309 20:58:10.375" endtime="20220309 20:58:11.058"/>
</kw>
<kw name="Fill Credentials" library="AuthActions">
<arg>${user}</arg>
<kw name="Fill Text" library="Browser">
<arg>${INPUT_EMAIL}</arg>
<arg>${user}[email]</arg>
<tag>PageContent</tag>
<tag>Setter</tag>
<doc>Clears and fills the given ``txt`` into the text field found by ``selector``.</doc>
<msg timestamp="20220309 20:58:11.061" level="INFO">Fills the text 'dio@linux.com' in the given field.</msg>
<status status="PASS" starttime="20220309 20:58:11.059" endtime="20220309 20:58:11.109"/>
</kw>
<kw name="Fill Text" library="Browser">
<arg>${INPUT_PASS}</arg>
<arg>${user}[password]</arg>
<tag>PageContent</tag>
<tag>Setter</tag>
<doc>Clears and fills the given ``txt`` into the text field found by ``selector``.</doc>
<msg timestamp="20220309 20:58:11.110" level="INFO">Fills the text 'qwe123' in the given field.</msg>
<status status="PASS" starttime="20220309 20:58:11.109" endtime="20220309 20:58:11.143"/>
</kw>
<status status="PASS" starttime="20220309 20:58:11.058" endtime="20220309 20:58:11.143"/>
</kw>
<kw name="Submit Credentials" library="AuthActions">
<kw name="Click" library="Browser">
<arg>css=.submit-button &gt;&gt; text=Entrar</arg>
<tag>PageContent</tag>
<tag>Setter</tag>
<doc>Simulates mouse click on the element found by ``selector``.</doc>
<status status="PASS" starttime="20220309 20:58:11.144" endtime="20220309 20:58:11.248"/>
</kw>
<status status="PASS" starttime="20220309 20:58:11.143" endtime="20220309 20:58:11.249"/>
</kw>
<kw name="User Should Be Logged In" library="AuthActions">
<arg>${user}</arg>
<kw name="Set Variable" library="BuiltIn">
<var>${element}</var>
<arg>css=a[href="/profile"]</arg>
<doc>Returns the given values which can then be assigned to a variables.</doc>
<msg timestamp="20220309 20:58:11.251" level="INFO">${element} = css=a[href="/profile"]</msg>
<status status="PASS" starttime="20220309 20:58:11.251" endtime="20220309 20:58:11.251"/>
</kw>
<kw name="Set Variable" library="BuiltIn">
<var>${expected_fullname}</var>
<arg>${user}[name] ${user}[lastname]</arg>
<doc>Returns the given values which can then be assigned to a variables.</doc>
<msg timestamp="20220309 20:58:11.252" level="INFO">${expected_fullname} = Dio Linux</msg>
<status status="PASS" starttime="20220309 20:58:11.252" endtime="20220309 20:58:11.252"/>
</kw>
<kw name="Wait For Elements State" library="Browser">
<arg>${element}</arg>
<arg>Visible</arg>
<arg>5</arg>
<tag>PageContent</tag>
<tag>Wait</tag>
<doc>Waits for the element found by ``selector`` to satisfy state option.</doc>
<msg timestamp="20220309 20:58:12.202" level="INFO">Waited for Element with selector css=a[href="/profile"] at state visible</msg>
<status status="PASS" starttime="20220309 20:58:11.252" endtime="20220309 20:58:12.203"/>
</kw>
<kw name="Get Text" library="Browser">
<arg>${element}</arg>
<arg>equal</arg>
<arg>${expected_fullname}</arg>
<tag>Assertion</tag>
<tag>Getter</tag>
<tag>PageContent</tag>
<doc>Returns text attribute of the element found by ``selector``.</doc>
<status status="PASS" starttime="20220309 20:58:12.204" endtime="20220309 20:58:12.284"/>
</kw>
<status status="PASS" starttime="20220309 20:58:11.249" endtime="20220309 20:58:12.285"/>
</kw>
<status status="PASS" starttime="20220309 20:58:10.374" endtime="20220309 20:58:12.286"/>
</kw>
<kw name="Go To Geek Form" library="GeekActions">
<kw name="Click" library="Browser">
<arg>css=a[href="/be-geek"] &gt;&gt; text=Seja um Geek</arg>
<tag>PageContent</tag>
<tag>Setter</tag>
<doc>Simulates mouse click on the element found by ``selector``.</doc>
<status status="PASS" starttime="20220309 20:58:12.287" endtime="20220309 20:58:12.542"/>
</kw>
<kw name="Wait For Elements State" library="Browser">
<arg>css=.be-geek-form</arg>
<arg>visible</arg>
<arg>5</arg>
<tag>PageContent</tag>
<tag>Wait</tag>
<doc>Waits for the element found by ``selector`` to satisfy state option.</doc>
<msg timestamp="20220309 20:58:12.574" level="INFO">Waited for Element with selector css=.be-geek-form at state visible</msg>
<status status="PASS" starttime="20220309 20:58:12.543" endtime="20220309 20:58:12.574"/>
</kw>
<status status="PASS" starttime="20220309 20:58:12.286" endtime="20220309 20:58:12.575"/>
</kw>
<status status="PASS" starttime="20220309 20:58:02.198" endtime="20220309 20:58:12.575"/>
</kw>
<test id="s1-s1-t1" name="Short desc">
<kw name="Attempt Be a Geek">
<arg>desc</arg>
<arg>Formato o seu PC</arg>
<arg>A descrição deve ter no minimo 80 caracteres</arg>
<kw name="Factory User" library="Users">
<var>${user}</var>
<arg>attempt_be_geek</arg>
<msg timestamp="20220309 20:58:12.590" level="INFO">${user} = {'name': 'Dio', 'lastname': 'Linux', 'email': 'dio@linux.com', 'password': 'qwe123', 'geek_profile': {'whats': '11999999999', 'desc': 'Lorem ipsum dolor sit amet, consectetur adipiscing elit. Nam tris...</msg>
<status status="PASS" starttime="20220309 20:58:12.588" endtime="20220309 20:58:12.590"/>
</kw>
<kw name="Set To Dictionary" library="Collections">
<arg>${user}[geek_profile]</arg>
<arg>${key}</arg>
<arg>${input_field}</arg>
<doc>Adds the given ``key_value_pairs`` and ``items`` to the ``dictionary``.</doc>
<status status="PASS" starttime="20220309 20:58:12.591" endtime="20220309 20:58:12.593"/>
</kw>
<kw name="Fill Geek Form" library="GeekActions">
<arg>${user}[geek_profile]</arg>
<kw name="Reset Geek Form" library="GeekActions">
<kw name="Execute JavaScript" library="Browser">
<arg>document.getElementsByClassName("be-geek-form")[0].reset();</arg>
<tag>Getter</tag>
<tag>PageContent</tag>
<tag>Setter</tag>
<doc>Executes given javascript on the page.</doc>
<status status="PASS" starttime="20220309 20:58:12.596" endtime="20220309 20:58:12.609"/>
</kw>
<status status="PASS" starttime="20220309 20:58:12.595" endtime="20220309 20:58:12.610"/>
</kw>
<kw name="Fill Text" library="Browser">
<arg>id=whatsapp</arg>
<arg>${geek_profile}[whats]</arg>
<tag>PageContent</tag>
<tag>Setter</tag>
<doc>Clears and fills the given ``txt`` into the text field found by ``selector``.</doc>
<msg timestamp="20220309 20:58:12.612" level="INFO">Fills the text '11999999999' in the given field.</msg>
<status status="PASS" starttime="20220309 20:58:12.611" endtime="20220309 20:58:12.683"/>
</kw>
<kw name="Fill Text" library="Browser">
<arg>id=desc</arg>
<arg>${geek_profile}[desc]</arg>
<tag>PageContent</tag>
<tag>Setter</tag>
<doc>Clears and fills the given ``txt`` into the text field found by ``selector``.</doc>
<msg timestamp="20220309 20:58:12.685" level="INFO">Fills the text 'Formato o seu PC' in the given field.</msg>
<status status="PASS" starttime="20220309 20:58:12.684" endtime="20220309 20:58:12.770"/>
</kw>
<if>
<branch type="IF" condition="'${geek_profile}[printer_repair]'">
<kw name="Select Options By" library="Browser">
<arg>id=printer_repair</arg>
<arg>text</arg>
<arg>${geek_profile}[printer_repair]</arg>
<tag>PageContent</tag>
<tag>Setter</tag>
<doc>Selects options from select element found by ``selector``.</doc>
<status status="PASS" starttime="20220309 20:58:12.772" endtime="20220309 20:58:13.040"/>
</kw>
<status status="PASS" starttime="20220309 20:58:12.771" endtime="20220309 20:58:13.040"/>
</branch>
<status status="PASS" starttime="20220309 20:58:12.771" endtime="20220309 20:58:13.040"/>
</if>
<if>
<branch type="IF" condition="'${geek_profile}[work]'">
<kw name="Select Options By" library="Browser">
<arg>id=work</arg>
<arg>text</arg>
<arg>${geek_profile}[work]</arg>
<tag>PageContent</tag>
<tag>Setter</tag>
<doc>Selects options from select element found by ``selector``.</doc>
<status status="PASS" starttime="20220309 20:58:13.042" endtime="20220309 20:58:13.359"/>
</kw>
<status status="PASS" starttime="20220309 20:58:13.041" endtime="20220309 20:58:13.359"/>
</branch>
<status status="PASS" starttime="20220309 20:58:13.041" endtime="20220309 20:58:13.359"/>
</if>
<kw name="Fill Text" library="Browser">
<arg>id=cost</arg>
<arg>${geek_profile}[cost]</arg>
<tag>PageContent</tag>
<tag>Setter</tag>
<doc>Clears and fills the given ``txt`` into the text field found by ``selector``.</doc>
<msg timestamp="20220309 20:58:13.362" level="INFO">Fills the text '150' in the given field.</msg>
<status status="PASS" starttime="20220309 20:58:13.361" endtime="20220309 20:58:13.439"/>
</kw>
<status status="PASS" starttime="20220309 20:58:12.593" endtime="20220309 20:58:13.440"/>
</kw>
<kw name="Submit Geek Form" library="GeekActions">
<kw name="Click" library="Browser">
<arg>css=button &gt;&gt; text= Quero ser um Geek</arg>
<tag>PageContent</tag>
<tag>Setter</tag>
<doc>Simulates mouse click on the element found by ``selector``.</doc>
<status status="PASS" starttime="20220309 20:58:13.442" endtime="20220309 20:58:13.631"/>
</kw>
<status status="PASS" starttime="20220309 20:58:13.440" endtime="20220309 20:58:13.632"/>
</kw>
<kw name="Alert Span Should Be" library="_SharedActions">
<arg>${output_message}</arg>
<kw name="Wait For Elements State" library="Browser">
<arg>css=span[class=error] &gt;&gt; text=${expected_alert}</arg>
<arg>visible</arg>
<arg>5</arg>
<tag>PageContent</tag>
<tag>Wait</tag>
<doc>Waits for the element found by ``selector`` to satisfy state option.</doc>
<msg timestamp="20220309 20:58:13.659" level="INFO">Waited for Element with selector css=span[class=error] &gt;&gt; text=A descrição deve ter no minimo 80 caracteres at state visible</msg>
<status status="PASS" starttime="20220309 20:58:13.634" endtime="20220309 20:58:13.659"/>
</kw>
<status status="PASS" starttime="20220309 20:58:13.632" endtime="20220309 20:58:13.660"/>
</kw>
<kw name="After Test" library="Base">
<kw name="Screenshot Name" library="Utils">
<var>${shot_name}</var>
<msg timestamp="20220309 20:58:13.663" level="INFO">${shot_name} = 0fc50fa95e627df7aca7002bfc6099f38edf299b</msg>
<status status="PASS" starttime="20220309 20:58:13.662" endtime="20220309 20:58:13.663"/>
</kw>
<kw name="Take Screenshot" library="Browser">
<arg>fullPage=True</arg>
<arg>filename=${shot_name}</arg>
<tag>PageContent</tag>
<doc>Takes a screenshot of the current window or element and saves it to disk.</doc>
<msg timestamp="20220309 20:58:14.066" level="INFO" html="true">&lt;/td&gt;&lt;/tr&gt;&lt;tr&gt;&lt;td colspan="3"&gt;&lt;a href="browser/screenshot/0fc50fa95e627df7aca7002bfc6099f38edf299b.png"&gt;&lt;img src="browser/screenshot/0fc50fa95e627df7aca7002bfc6099f38edf299b.png" width="800px"&gt;&lt;/a&gt;</msg>
<status status="PASS" starttime="20220309 20:58:13.664" endtime="20220309 20:58:14.066"/>
</kw>
<status status="PASS" starttime="20220309 20:58:13.661" endtime="20220309 20:58:14.067"/>
</kw>
<status status="PASS" starttime="20220309 20:58:12.587" endtime="20220309 20:58:14.068"/>
</kw>
<status status="PASS" starttime="20220309 20:58:12.576" endtime="20220309 20:58:14.068"/>
</test>
<test id="s1-s1-t2" name="Long desc">
<kw name="Attempt Be a Geek">
<arg>desc</arg>
<arg>${long_desc}</arg>
<arg>A descrição deve ter no máximo 255 caracteres</arg>
<kw name="Factory User" library="Users">
<var>${user}</var>
<arg>attempt_be_geek</arg>
<msg timestamp="20220309 20:58:14.102" level="INFO">${user} = {'name': 'Dio', 'lastname': 'Linux', 'email': 'dio@linux.com', 'password': 'qwe123', 'geek_profile': {'whats': '11999999999', 'desc': 'Lorem ipsum dolor sit amet, consectetur adipiscing elit. Nam tris...</msg>
<status status="PASS" starttime="20220309 20:58:14.100" endtime="20220309 20:58:14.102"/>
</kw>
<kw name="Set To Dictionary" library="Collections">
<arg>${user}[geek_profile]</arg>
<arg>${key}</arg>
<arg>${input_field}</arg>
<doc>Adds the given ``key_value_pairs`` and ``items`` to the ``dictionary``.</doc>
<status status="PASS" starttime="20220309 20:58:14.103" endtime="20220309 20:58:14.104"/>
</kw>
<kw name="Fill Geek Form" library="GeekActions">
<arg>${user}[geek_profile]</arg>
<kw name="Reset Geek Form" library="GeekActions">
<kw name="Execute JavaScript" library="Browser">
<arg>document.getElementsByClassName("be-geek-form")[0].reset();</arg>
<tag>Getter</tag>
<tag>PageContent</tag>
<tag>Setter</tag>
<doc>Executes given javascript on the page.</doc>
<status status="PASS" starttime="20220309 20:58:14.108" endtime="20220309 20:58:14.146"/>
</kw>
<status status="PASS" starttime="20220309 20:58:14.106" endtime="20220309 20:58:14.147"/>
</kw>
<kw name="Fill Text" library="Browser">
<arg>id=whatsapp</arg>
<arg>${geek_profile}[whats]</arg>
<tag>PageContent</tag>
<tag>Setter</tag>
<doc>Clears and fills the given ``txt`` into the text field found by ``selector``.</doc>
<msg timestamp="20220309 20:58:14.149" level="INFO">Fills the text '11999999999' in the given field.</msg>
<status status="PASS" starttime="20220309 20:58:14.148" endtime="20220309 20:58:14.178"/>
</kw>
<kw name="Fill Text" library="Browser">
<arg>id=desc</arg>
<arg>${geek_profile}[desc]</arg>
<tag>PageContent</tag>
<tag>Setter</tag>
<doc>Clears and fills the given ``txt`` into the text field found by ``selector``.</doc>
<msg timestamp="20220309 20:58:14.179" level="INFO">Fills the text 'Lorem ipsum dolor sit amet, consectetur adipiscing elit. Cras in arcu vel purus malesuada bibendum. Praesent hendrerit, ante a pulvinar vehicula, turpis lacus fringilla metus, et fermentum turpis arcu nec leo. Aenean sit amet libero mi. Sed pharetra donec.' in the given field.</msg>
<status status="PASS" starttime="20220309 20:58:14.179" endtime="20220309 20:58:14.204"/>
</kw>
<if>
<branch type="IF" condition="'${geek_profile}[printer_repair]'">
<kw name="Select Options By" library="Browser">
<arg>id=printer_repair</arg>
<arg>text</arg>
<arg>${geek_profile}[printer_repair]</arg>
<tag>PageContent</tag>
<tag>Setter</tag>
<doc>Selects options from select element found by ``selector``.</doc>
<status status="PASS" starttime="20220309 20:58:14.205" endtime="20220309 20:58:14.290"/>
</kw>
<status status="PASS" starttime="20220309 20:58:14.204" endtime="20220309 20:58:14.290"/>
</branch>
<status status="PASS" starttime="20220309 20:58:14.204" endtime="20220309 20:58:14.291"/>
</if>
<if>
<branch type="IF" condition="'${geek_profile}[work]'">
<kw name="Select Options By" library="Browser">
<arg>id=work</arg>
<arg>text</arg>
<arg>${geek_profile}[work]</arg>
<tag>PageContent</tag>
<tag>Setter</tag>
<doc>Selects options from select element found by ``selector``.</doc>
<status status="PASS" starttime="20220309 20:58:14.293" endtime="20220309 20:58:14.372"/>
</kw>
<status status="PASS" starttime="20220309 20:58:14.292" endtime="20220309 20:58:14.373"/>
</branch>
<status status="PASS" starttime="20220309 20:58:14.291" endtime="20220309 20:58:14.373"/>
</if>
<kw name="Fill Text" library="Browser">
<arg>id=cost</arg>
<arg>${geek_profile}[cost]</arg>
<tag>PageContent</tag>
<tag>Setter</tag>
<doc>Clears and fills the given ``txt`` into the text field found by ``selector``.</doc>
<msg timestamp="20220309 20:58:14.375" level="INFO">Fills the text '150' in the given field.</msg>
<status status="PASS" starttime="20220309 20:58:14.374" endtime="20220309 20:58:14.393"/>
</kw>
<status status="PASS" starttime="20220309 20:58:14.105" endtime="20220309 20:58:14.393"/>
</kw>
<kw name="Submit Geek Form" library="GeekActions">
<kw name="Click" library="Browser">
<arg>css=button &gt;&gt; text= Quero ser um Geek</arg>
<tag>PageContent</tag>
<tag>Setter</tag>
<doc>Simulates mouse click on the element found by ``selector``.</doc>
<status status="PASS" starttime="20220309 20:58:14.394" endtime="20220309 20:58:14.460"/>
</kw>
<status status="PASS" starttime="20220309 20:58:14.393" endtime="20220309 20:58:14.460"/>
</kw>
<kw name="Alert Span Should Be" library="_SharedActions">
<arg>${output_message}</arg>
<kw name="Wait For Elements State" library="Browser">
<arg>css=span[class=error] &gt;&gt; text=${expected_alert}</arg>
<arg>visible</arg>
<arg>5</arg>
<tag>PageContent</tag>
<tag>Wait</tag>
<doc>Waits for the element found by ``selector`` to satisfy state option.</doc>
<msg timestamp="20220309 20:58:14.475" level="INFO">Waited for Element with selector css=span[class=error] &gt;&gt; text=A descrição deve ter no máximo 255 caracteres at state visible</msg>
<status status="PASS" starttime="20220309 20:58:14.463" endtime="20220309 20:58:14.475"/>
</kw>
<status status="PASS" starttime="20220309 20:58:14.461" endtime="20220309 20:58:14.476"/>
</kw>
<kw name="After Test" library="Base">
<kw name="Screenshot Name" library="Utils">
<var>${shot_name}</var>
<msg timestamp="20220309 20:58:14.477" level="INFO">${shot_name} = 5910259a69d769f3f2ca5e974923ff36a7f5c2cf</msg>
<status status="PASS" starttime="20220309 20:58:14.477" endtime="20220309 20:58:14.478"/>
</kw>
<kw name="Take Screenshot" library="Browser">
<arg>fullPage=True</arg>
<arg>filename=${shot_name}</arg>
<tag>PageContent</tag>
<doc>Takes a screenshot of the current window or element and saves it to disk.</doc>
<msg timestamp="20220309 20:58:14.727" level="INFO" html="true">&lt;/td&gt;&lt;/tr&gt;&lt;tr&gt;&lt;td colspan="3"&gt;&lt;a href="browser/screenshot/5910259a69d769f3f2ca5e974923ff36a7f5c2cf.png"&gt;&lt;img src="browser/screenshot/5910259a69d769f3f2ca5e974923ff36a7f5c2cf.png" width="800px"&gt;&lt;/a&gt;</msg>
<status status="PASS" starttime="20220309 20:58:14.478" endtime="20220309 20:58:14.728"/>
</kw>
<status status="PASS" starttime="20220309 20:58:14.476" endtime="20220309 20:58:14.729"/>
</kw>
<status status="PASS" starttime="20220309 20:58:14.098" endtime="20220309 20:58:14.729"/>
</kw>
<status status="PASS" starttime="20220309 20:58:14.087" endtime="20220309 20:58:14.730"/>
</test>
<test id="s1-s1-t3" name="Empty desc">
<kw name="Attempt Be a Geek">
<arg>desc</arg>
<arg>${EMPTY}</arg>
<arg>Informe a descrição do seu trabalho</arg>
<kw name="Factory User" library="Users">
<var>${user}</var>
<arg>attempt_be_geek</arg>
<msg timestamp="20220309 20:58:14.760" level="INFO">${user} = {'name': 'Dio', 'lastname': 'Linux', 'email': 'dio@linux.com', 'password': 'qwe123', 'geek_profile': {'whats': '11999999999', 'desc': 'Lorem ipsum dolor sit amet, consectetur adipiscing elit. Nam tris...</msg>
<status status="PASS" starttime="20220309 20:58:14.758" endtime="20220309 20:58:14.760"/>
</kw>
<kw name="Set To Dictionary" library="Collections">
<arg>${user}[geek_profile]</arg>
<arg>${key}</arg>
<arg>${input_field}</arg>
<doc>Adds the given ``key_value_pairs`` and ``items`` to the ``dictionary``.</doc>
<status status="PASS" starttime="20220309 20:58:14.761" endtime="20220309 20:58:14.762"/>
</kw>
<kw name="Fill Geek Form" library="GeekActions">
<arg>${user}[geek_profile]</arg>
<kw name="Reset Geek Form" library="GeekActions">
<kw name="Execute JavaScript" library="Browser">
<arg>document.getElementsByClassName("be-geek-form")[0].reset();</arg>
<tag>Getter</tag>
<tag>PageContent</tag>
<tag>Setter</tag>
<doc>Executes given javascript on the page.</doc>
<status status="PASS" starttime="20220309 20:58:14.765" endtime="20220309 20:58:14.771"/>
</kw>
<status status="PASS" starttime="20220309 20:58:14.764" endtime="20220309 20:58:14.772"/>
</kw>
<kw name="Fill Text" library="Browser">
<arg>id=whatsapp</arg>
<arg>${geek_profile}[whats]</arg>
<tag>PageContent</tag>
<tag>Setter</tag>
<doc>Clears and fills the given ``txt`` into the text field found by ``selector``.</doc>
<msg timestamp="20220309 20:58:14.774" level="INFO">Fills the text '11999999999' in the given field.</msg>
<status status="PASS" starttime="20220309 20:58:14.773" endtime="20220309 20:58:14.808"/>
</kw>
<kw name="Fill Text" library="Browser">
<arg>id=desc</arg>
<arg>${geek_profile}[desc]</arg>
<tag>PageContent</tag>
<tag>Setter</tag>
<doc>Clears and fills the given ``txt`` into the text field found by ``selector``.</doc>
<msg timestamp="20220309 20:58:14.810" level="INFO">Fills the text '' in the given field.</msg>
<status status="PASS" starttime="20220309 20:58:14.809" endtime="20220309 20:58:14.843"/>
</kw>
<if>
<branch type="IF" condition="'${geek_profile}[printer_repair]'">
<kw name="Select Options By" library="Browser">
<arg>id=printer_repair</arg>
<arg>text</arg>
<arg>${geek_profile}[printer_repair]</arg>
<tag>PageContent</tag>
<tag>Setter</tag>
<doc>Selects options from select element found by ``selector``.</doc>
<status status="PASS" starttime="20220309 20:58:14.845" endtime="20220309 20:58:14.947"/>
</kw>
<status status="PASS" starttime="20220309 20:58:14.844" endtime="20220309 20:58:14.948"/>
</branch>
<status status="PASS" starttime="20220309 20:58:14.844" endtime="20220309 20:58:14.948"/>
</if>
<if>
<branch type="IF" condition="'${geek_profile}[work]'">
<kw name="Select Options By" library="Browser">
<arg>id=work</arg>
<arg>text</arg>
<arg>${geek_profile}[work]</arg>
<tag>PageContent</tag>
<tag>Setter</tag>
<doc>Selects options from select element found by ``selector``.</doc>
<status status="PASS" starttime="20220309 20:58:14.948" endtime="20220309 20:58:15.040"/>
</kw>
<status status="PASS" starttime="20220309 20:58:14.948" endtime="20220309 20:58:15.041"/>
</branch>
<status status="PASS" starttime="20220309 20:58:14.948" endtime="20220309 20:58:15.041"/>
</if>
<kw name="Fill Text" library="Browser">
<arg>id=cost</arg>
<arg>${geek_profile}[cost]</arg>
<tag>PageContent</tag>
<tag>Setter</tag>
<doc>Clears and fills the given ``txt`` into the text field found by ``selector``.</doc>
<msg timestamp="20220309 20:58:15.042" level="INFO">Fills the text '150' in the given field.</msg>
<status status="PASS" starttime="20220309 20:58:15.041" endtime="20220309 20:58:15.060"/>
</kw>
<status status="PASS" starttime="20220309 20:58:14.763" endtime="20220309 20:58:15.060"/>
</kw>
<kw name="Submit Geek Form" library="GeekActions">
<kw name="Click" library="Browser">
<arg>css=button &gt;&gt; text= Quero ser um Geek</arg>
<tag>PageContent</tag>
<tag>Setter</tag>
<doc>Simulates mouse click on the element found by ``selector``.</doc>
<status status="PASS" starttime="20220309 20:58:15.061" endtime="20220309 20:58:15.128"/>
</kw>
<status status="PASS" starttime="20220309 20:58:15.060" endtime="20220309 20:58:15.129"/>
</kw>
<kw name="Alert Span Should Be" library="_SharedActions">
<arg>${output_message}</arg>
<kw name="Wait For Elements State" library="Browser">
<arg>css=span[class=error] &gt;&gt; text=${expected_alert}</arg>
<arg>visible</arg>
<arg>5</arg>
<tag>PageContent</tag>
<tag>Wait</tag>
<doc>Waits for the element found by ``selector`` to satisfy state option.</doc>
<msg timestamp="20220309 20:58:15.140" level="INFO">Waited for Element with selector css=span[class=error] &gt;&gt; text=Informe a descrição do seu trabalho at state visible</msg>
<status status="PASS" starttime="20220309 20:58:15.131" endtime="20220309 20:58:15.141"/>
</kw>
<status status="PASS" starttime="20220309 20:58:15.130" endtime="20220309 20:58:15.141"/>
</kw>
<kw name="After Test" library="Base">
<kw name="Screenshot Name" library="Utils">
<var>${shot_name}</var>
<msg timestamp="20220309 20:58:15.142" level="INFO">${shot_name} = c542c5315e9b4d32741f35e03017d4a57b349354</msg>
<status status="PASS" starttime="20220309 20:58:15.142" endtime="20220309 20:58:15.142"/>
</kw>
<kw name="Take Screenshot" library="Browser">
<arg>fullPage=True</arg>
<arg>filename=${shot_name}</arg>
<tag>PageContent</tag>
<doc>Takes a screenshot of the current window or element and saves it to disk.</doc>
<msg timestamp="20220309 20:58:15.311" level="INFO" html="true">&lt;/td&gt;&lt;/tr&gt;&lt;tr&gt;&lt;td colspan="3"&gt;&lt;a href="browser/screenshot/c542c5315e9b4d32741f35e03017d4a57b349354.png"&gt;&lt;img src="browser/screenshot/c542c5315e9b4d32741f35e03017d4a57b349354.png" width="800px"&gt;&lt;/a&gt;</msg>
<status status="PASS" starttime="20220309 20:58:15.143" endtime="20220309 20:58:15.311"/>
</kw>
<status status="PASS" starttime="20220309 20:58:15.141" endtime="20220309 20:58:15.312"/>
</kw>
<status status="PASS" starttime="20220309 20:58:14.754" endtime="20220309 20:58:15.312"/>
</kw>
<status status="PASS" starttime="20220309 20:58:14.747" endtime="20220309 20:58:15.312"/>
</test>
<test id="s1-s1-t4" name="Whats only ddd">
<kw name="Attempt Be a Geek">
<arg>whats</arg>
<arg>11</arg>
<arg>O Whatsapp deve ter 11 digitos contando com o DDD</arg>
<kw name="Factory User" library="Users">
<var>${user}</var>
<arg>attempt_be_geek</arg>
<msg timestamp="20220309 20:58:15.324" level="INFO">${user} = {'name': 'Dio', 'lastname': 'Linux', 'email': 'dio@linux.com', 'password': 'qwe123', 'geek_profile': {'whats': '11999999999', 'desc': 'Lorem ipsum dolor sit amet, consectetur adipiscing elit. Nam tris...</msg>
<status status="PASS" starttime="20220309 20:58:15.323" endtime="20220309 20:58:15.324"/>
</kw>
<kw name="Set To Dictionary" library="Collections">
<arg>${user}[geek_profile]</arg>
<arg>${key}</arg>
<arg>${input_field}</arg>
<doc>Adds the given ``key_value_pairs`` and ``items`` to the ``dictionary``.</doc>
<status status="PASS" starttime="20220309 20:58:15.324" endtime="20220309 20:58:15.324"/>
</kw>
<kw name="Fill Geek Form" library="GeekActions">
<arg>${user}[geek_profile]</arg>
<kw name="Reset Geek Form" library="GeekActions">
<kw name="Execute JavaScript" library="Browser">
<arg>document.getElementsByClassName("be-geek-form")[0].reset();</arg>
<tag>Getter</tag>
<tag>PageContent</tag>
<tag>Setter</tag>
<doc>Executes given javascript on the page.</doc>
<status status="PASS" starttime="20220309 20:58:15.326" endtime="20220309 20:58:15.329"/>
</kw>
<status status="PASS" starttime="20220309 20:58:15.325" endtime="20220309 20:58:15.329"/>
</kw>
<kw name="Fill Text" library="Browser">
<arg>id=whatsapp</arg>
<arg>${geek_profile}[whats]</arg>
<tag>PageContent</tag>
<tag>Setter</tag>
<doc>Clears and fills the given ``txt`` into the text field found by ``selector``.</doc>
<msg timestamp="20220309 20:58:15.330" level="INFO">Fills the text '11' in the given field.</msg>
<status status="PASS" starttime="20220309 20:58:15.330" endtime="20220309 20:58:15.347"/>
</kw>
<kw name="Fill Text" library="Browser">
<arg>id=desc</arg>
<arg>${geek_profile}[desc]</arg>
<tag>PageContent</tag>
<tag>Setter</tag>
<doc>Clears and fills the given ``txt`` into the text field found by ``selector``.</doc>
<msg timestamp="20220309 20:58:15.348" level="INFO">Fills the text 'Lorem ipsum dolor sit amet, consectetur adipiscing elit. Nam tristique mauris id pulvinar molestie. Integer tincidunt diam nec ullamcorper varius. Duis laoreet justo at sodales pulvinar. Nullam ornare egestas dapibus. Praesent sem tortor, eleifend in non.' in the given field.</msg>
<status status="PASS" starttime="20220309 20:58:15.347" endtime="20220309 20:58:15.363"/>
</kw>
<if>
<branch type="IF" condition="'${geek_profile}[printer_repair]'">
<kw name="Select Options By" library="Browser">
<arg>id=printer_repair</arg>
<arg>text</arg>
<arg>${geek_profile}[printer_repair]</arg>
<tag>PageContent</tag>
<tag>Setter</tag>
<doc>Selects options from select element found by ``selector``.</doc>
<status status="PASS" starttime="20220309 20:58:15.364" endtime="20220309 20:58:15.427"/>
</kw>
<status status="PASS" starttime="20220309 20:58:15.364" endtime="20220309 20:58:15.427"/>
</branch>
<status status="PASS" starttime="20220309 20:58:15.364" endtime="20220309 20:58:15.427"/>
</if>
<if>
<branch type="IF" condition="'${geek_profile}[work]'">
<kw name="Select Options By" library="Browser">
<arg>id=work</arg>
<arg>text</arg>
<arg>${geek_profile}[work]</arg>
<tag>PageContent</tag>
<tag>Setter</tag>
<doc>Selects options from select element found by ``selector``.</doc>
<status status="PASS" starttime="20220309 20:58:15.428" endtime="20220309 20:58:15.513"/>
</kw>
<status status="PASS" starttime="20220309 20:58:15.427" endtime="20220309 20:58:15.513"/>
</branch>
<status status="PASS" starttime="20220309 20:58:15.427" endtime="20220309 20:58:15.513"/>
</if>
<kw name="Fill Text" library="Browser">
<arg>id=cost</arg>
<arg>${geek_profile}[cost]</arg>
<tag>PageContent</tag>
<tag>Setter</tag>
<doc>Clears and fills the given ``txt`` into the text field found by ``selector``.</doc>
<msg timestamp="20220309 20:58:15.514" level="INFO">Fills the text '150' in the given field.</msg>
<status status="PASS" starttime="20220309 20:58:15.513" endtime="20220309 20:58:15.534"/>
</kw>
<status status="PASS" starttime="20220309 20:58:15.325" endtime="20220309 20:58:15.534"/>
</kw>
<kw name="Submit Geek Form" library="GeekActions">
<kw name="Click" library="Browser">
<arg>css=button &gt;&gt; text= Quero ser um Geek</arg>
<tag>PageContent</tag>
<tag>Setter</tag>
<doc>Simulates mouse click on the element found by ``selector``.</doc>
<status status="PASS" starttime="20220309 20:58:15.535" endtime="20220309 20:58:15.592"/>
</kw>
<status status="PASS" starttime="20220309 20:58:15.534" endtime="20220309 20:58:15.592"/>
</kw>
<kw name="Alert Span Should Be" library="_SharedActions">
<arg>${output_message}</arg>
<kw name="Wait For Elements State" library="Browser">
<arg>css=span[class=error] &gt;&gt; text=${expected_alert}</arg>
<arg>visible</arg>
<arg>5</arg>
<tag>PageContent</tag>
<tag>Wait</tag>
<doc>Waits for the element found by ``selector`` to satisfy state option.</doc>
<msg timestamp="20220309 20:58:15.601" level="INFO">Waited for Element with selector css=span[class=error] &gt;&gt; text=O Whatsapp deve ter 11 digitos contando com o DDD at state visible</msg>
<status status="PASS" starttime="20220309 20:58:15.593" endtime="20220309 20:58:15.601"/>
</kw>
<status status="PASS" starttime="20220309 20:58:15.592" endtime="20220309 20:58:15.601"/>
</kw>
<kw name="After Test" library="Base">
<kw name="Screenshot Name" library="Utils">
<var>${shot_name}</var>
<msg timestamp="20220309 20:58:15.603" level="INFO">${shot_name} = 210289a7d78a5ab778fe9ac014278671234e5618</msg>
<status status="PASS" starttime="20220309 20:58:15.602" endtime="20220309 20:58:15.603"/>
</kw>
<kw name="Take Screenshot" library="Browser">
<arg>fullPage=True</arg>
<arg>filename=${shot_name}</arg>
<tag>PageContent</tag>
<doc>Takes a screenshot of the current window or element and saves it to disk.</doc>
<msg timestamp="20220309 20:58:15.788" level="INFO" html="true">&lt;/td&gt;&lt;/tr&gt;&lt;tr&gt;&lt;td colspan="3"&gt;&lt;a href="browser/screenshot/210289a7d78a5ab778fe9ac014278671234e5618.png"&gt;&lt;img src="browser/screenshot/210289a7d78a5ab778fe9ac014278671234e5618.png" width="800px"&gt;&lt;/a&gt;</msg>
<status status="PASS" starttime="20220309 20:58:15.603" endtime="20220309 20:58:15.788"/>
</kw>
<status status="PASS" starttime="20220309 20:58:15.602" endtime="20220309 20:58:15.789"/>
</kw>
<status status="PASS" starttime="20220309 20:58:15.322" endtime="20220309 20:58:15.789"/>
</kw>
<status status="PASS" starttime="20220309 20:58:15.318" endtime="20220309 20:58:15.789"/>
</test>
<test id="s1-s1-t5" name="Whats only number">
<kw name="Attempt Be a Geek">
<arg>whats</arg>
<arg>999999999</arg>
<arg>O Whatsapp deve ter 11 digitos contando com o DDD</arg>
<kw name="Factory User" library="Users">
<var>${user}</var>
<arg>attempt_be_geek</arg>
<msg timestamp="20220309 20:58:15.802" level="INFO">${user} = {'name': 'Dio', 'lastname': 'Linux', 'email': 'dio@linux.com', 'password': 'qwe123', 'geek_profile': {'whats': '11999999999', 'desc': 'Lorem ipsum dolor sit amet, consectetur adipiscing elit. Nam tris...</msg>
<status status="PASS" starttime="20220309 20:58:15.802" endtime="20220309 20:58:15.802"/>
</kw>
<kw name="Set To Dictionary" library="Collections">
<arg>${user}[geek_profile]</arg>
<arg>${key}</arg>
<arg>${input_field}</arg>
<doc>Adds the given ``key_value_pairs`` and ``items`` to the ``dictionary``.</doc>
<status status="PASS" starttime="20220309 20:58:15.803" endtime="20220309 20:58:15.804"/>
</kw>
<kw name="Fill Geek Form" library="GeekActions">
<arg>${user}[geek_profile]</arg>
<kw name="Reset Geek Form" library="GeekActions">
<kw name="Execute JavaScript" library="Browser">
<arg>document.getElementsByClassName("be-geek-form")[0].reset();</arg>
<tag>Getter</tag>
<tag>PageContent</tag>
<tag>Setter</tag>
<doc>Executes given javascript on the page.</doc>
<status status="PASS" starttime="20220309 20:58:15.805" endtime="20220309 20:58:15.810"/>
</kw>
<status status="PASS" starttime="20220309 20:58:15.805" endtime="20220309 20:58:15.810"/>
</kw>
<kw name="Fill Text" library="Browser">
<arg>id=whatsapp</arg>
<arg>${geek_profile}[whats]</arg>
<tag>PageContent</tag>
<tag>Setter</tag>
<doc>Clears and fills the given ``txt`` into the text field found by ``selector``.</doc>
<msg timestamp="20220309 20:58:15.811" level="INFO">Fills the text '999999999' in the given field.</msg>
<status status="PASS" starttime="20220309 20:58:15.810" endtime="20220309 20:58:15.829"/>
</kw>
<kw name="Fill Text" library="Browser">
<arg>id=desc</arg>
<arg>${geek_profile}[desc]</arg>
<tag>PageContent</tag>
<tag>Setter</tag>
<doc>Clears and fills the given ``txt`` into the text field found by ``selector``.</doc>
<msg timestamp="20220309 20:58:15.830" level="INFO">Fills the text 'Lorem ipsum dolor sit amet, consectetur adipiscing elit. Nam tristique mauris id pulvinar molestie. Integer tincidunt diam nec ullamcorper varius. Duis laoreet justo at sodales pulvinar. Nullam ornare egestas dapibus. Praesent sem tortor, eleifend in non.' in the given field.</msg>
<status status="PASS" starttime="20220309 20:58:15.830" endtime="20220309 20:58:15.852"/>
</kw>
<if>
<branch type="IF" condition="'${geek_profile}[printer_repair]'">
<kw name="Select Options By" library="Browser">
<arg>id=printer_repair</arg>
<arg>text</arg>
<arg>${geek_profile}[printer_repair]</arg>
<tag>PageContent</tag>
<tag>Setter</tag>
<doc>Selects options from select element found by ``selector``.</doc>
<status status="PASS" starttime="20220309 20:58:15.853" endtime="20220309 20:58:15.909"/>
</kw>
<status status="PASS" starttime="20220309 20:58:15.852" endtime="20220309 20:58:15.909"/>
</branch>
<status status="PASS" starttime="20220309 20:58:15.852" endtime="20220309 20:58:15.909"/>
</if>
<if>
<branch type="IF" condition="'${geek_profile}[work]'">
<kw name="Select Options By" library="Browser">
<arg>id=work</arg>
<arg>text</arg>
<arg>${geek_profile}[work]</arg>
<tag>PageContent</tag>
<tag>Setter</tag>
<doc>Selects options from select element found by ``selector``.</doc>
<status status="PASS" starttime="20220309 20:58:15.910" endtime="20220309 20:58:15.984"/>
</kw>
<status status="PASS" starttime="20220309 20:58:15.909" endtime="20220309 20:58:15.984"/>
</branch>
<status status="PASS" starttime="20220309 20:58:15.909" endtime="20220309 20:58:15.984"/>
</if>
<kw name="Fill Text" library="Browser">
<arg>id=cost</arg>
<arg>${geek_profile}[cost]</arg>
<tag>PageContent</tag>
<tag>Setter</tag>
<doc>Clears and fills the given ``txt`` into the text field found by ``selector``.</doc>
<msg timestamp="20220309 20:58:15.985" level="INFO">Fills the text '150' in the given field.</msg>
<status status="PASS" starttime="20220309 20:58:15.985" endtime="20220309 20:58:16.012"/>
</kw>
<status status="PASS" starttime="20220309 20:58:15.804" endtime="20220309 20:58:16.013"/>
</kw>
<kw name="Submit Geek Form" library="GeekActions">
<kw name="Click" library="Browser">
<arg>css=button &gt;&gt; text= Quero ser um Geek</arg>
<tag>PageContent</tag>
<tag>Setter</tag>
<doc>Simulates mouse click on the element found by ``selector``.</doc>
<status status="PASS" starttime="20220309 20:58:16.015" endtime="20220309 20:58:16.076"/>
</kw>
<status status="PASS" starttime="20220309 20:58:16.013" endtime="20220309 20:58:16.076"/>
</kw>
<kw name="Alert Span Should Be" library="_SharedActions">
<arg>${output_message}</arg>
<kw name="Wait For Elements State" library="Browser">
<arg>css=span[class=error] &gt;&gt; text=${expected_alert}</arg>
<arg>visible</arg>
<arg>5</arg>
<tag>PageContent</tag>
<tag>Wait</tag>
<doc>Waits for the element found by ``selector`` to satisfy state option.</doc>
<msg timestamp="20220309 20:58:16.087" level="INFO">Waited for Element with selector css=span[class=error] &gt;&gt; text=O Whatsapp deve ter 11 digitos contando com o DDD at state visible</msg>
<status status="PASS" starttime="20220309 20:58:16.077" endtime="20220309 20:58:16.088"/>
</kw>
<status status="PASS" starttime="20220309 20:58:16.076" endtime="20220309 20:58:16.088"/>
</kw>
<kw name="After Test" library="Base">
<kw name="Screenshot Name" library="Utils">
<var>${shot_name}</var>
<msg timestamp="20220309 20:58:16.090" level="INFO">${shot_name} = 2dba45d60bab3f0030e8ebd70a2bcccfd426da43</msg>
<status status="PASS" starttime="20220309 20:58:16.089" endtime="20220309 20:58:16.090"/>
</kw>
<kw name="Take Screenshot" library="Browser">
<arg>fullPage=True</arg>
<arg>filename=${shot_name}</arg>
<tag>PageContent</tag>
<doc>Takes a screenshot of the current window or element and saves it to disk.</doc>
<msg timestamp="20220309 20:58:16.300" level="INFO" html="true">&lt;/td&gt;&lt;/tr&gt;&lt;tr&gt;&lt;td colspan="3"&gt;&lt;a href="browser/screenshot/2dba45d60bab3f0030e8ebd70a2bcccfd426da43.png"&gt;&lt;img src="browser/screenshot/2dba45d60bab3f0030e8ebd70a2bcccfd426da43.png" width="800px"&gt;&lt;/a&gt;</msg>
<status status="PASS" starttime="20220309 20:58:16.090" endtime="20220309 20:58:16.300"/>
</kw>
<status status="PASS" starttime="20220309 20:58:16.089" endtime="20220309 20:58:16.301"/>
</kw>
<status status="PASS" starttime="20220309 20:58:15.801" endtime="20220309 20:58:16.301"/>
</kw>
<status status="PASS" starttime="20220309 20:58:15.795" endtime="20220309 20:58:16.302"/>
</test>
<test id="s1-s1-t6" name="Empty whats">
<kw name="Attempt Be a Geek">
<arg>whats</arg>
<arg>${EMPTY}</arg>
<arg>O Whatsapp deve ter 11 digitos contando com o DDD</arg>
<kw name="Factory User" library="Users">
<var>${user}</var>
<arg>attempt_be_geek</arg>
<msg timestamp="20220309 20:58:16.323" level="INFO">${user} = {'name': 'Dio', 'lastname': 'Linux', 'email': 'dio@linux.com', 'password': 'qwe123', 'geek_profile': {'whats': '11999999999', 'desc': 'Lorem ipsum dolor sit amet, consectetur adipiscing elit. Nam tris...</msg>
<status status="PASS" starttime="20220309 20:58:16.321" endtime="20220309 20:58:16.323"/>
</kw>
<kw name="Set To Dictionary" library="Collections">
<arg>${user}[geek_profile]</arg>
<arg>${key}</arg>
<arg>${input_field}</arg>
<doc>Adds the given ``key_value_pairs`` and ``items`` to the ``dictionary``.</doc>
<status status="PASS" starttime="20220309 20:58:16.324" endtime="20220309 20:58:16.325"/>
</kw>
<kw name="Fill Geek Form" library="GeekActions">
<arg>${user}[geek_profile]</arg>
<kw name="Reset Geek Form" library="GeekActions">
<kw name="Execute JavaScript" library="Browser">
<arg>document.getElementsByClassName("be-geek-form")[0].reset();</arg>
<tag>Getter</tag>
<tag>PageContent</tag>
<tag>Setter</tag>
<doc>Executes given javascript on the page.</doc>
<status status="PASS" starttime="20220309 20:58:16.327" endtime="20220309 20:58:16.333"/>
</kw>
<status status="PASS" starttime="20220309 20:58:16.326" endtime="20220309 20:58:16.333"/>
</kw>
<kw name="Fill Text" library="Browser">
<arg>id=whatsapp</arg>
<arg>${geek_profile}[whats]</arg>
<tag>PageContent</tag>
<tag>Setter</tag>
<doc>Clears and fills the given ``txt`` into the text field found by ``selector``.</doc>
<msg timestamp="20220309 20:58:16.334" level="INFO">Fills the text '' in the given field.</msg>
<status status="PASS" starttime="20220309 20:58:16.333" endtime="20220309 20:58:16.357"/>
</kw>
<kw name="Fill Text" library="Browser">
<arg>id=desc</arg>
<arg>${geek_profile}[desc]</arg>
<tag>PageContent</tag>
<tag>Setter</tag>
<doc>Clears and fills the given ``txt`` into the text field found by ``selector``.</doc>
<msg timestamp="20220309 20:58:16.359" level="INFO">Fills the text 'Lorem ipsum dolor sit amet, consectetur adipiscing elit. Nam tristique mauris id pulvinar molestie. Integer tincidunt diam nec ullamcorper varius. Duis laoreet justo at sodales pulvinar. Nullam ornare egestas dapibus. Praesent sem tortor, eleifend in non.' in the given field.</msg>
<status status="PASS" starttime="20220309 20:58:16.358" endtime="20220309 20:58:16.376"/>
</kw>
<if>
<branch type="IF" condition="'${geek_profile}[printer_repair]'">
<kw name="Select Options By" library="Browser">
<arg>id=printer_repair</arg>
<arg>text</arg>
<arg>${geek_profile}[printer_repair]</arg>
<tag>PageContent</tag>
<tag>Setter</tag>
<doc>Selects options from select element found by ``selector``.</doc>
<status status="PASS" starttime="20220309 20:58:16.377" endtime="20220309 20:58:16.465"/>
</kw>
<status status="PASS" starttime="20220309 20:58:16.376" endtime="20220309 20:58:16.465"/>
</branch>
<status status="PASS" starttime="20220309 20:58:16.376" endtime="20220309 20:58:16.466"/>
</if>
<if>
<branch type="IF" condition="'${geek_profile}[work]'">
<kw name="Select Options By" library="Browser">
<arg>id=work</arg>
<arg>text</arg>
<arg>${geek_profile}[work]</arg>
<tag>PageContent</tag>
<tag>Setter</tag>
<doc>Selects options from select element found by ``selector``.</doc>
<status status="PASS" starttime="20220309 20:58:16.467" endtime="20220309 20:58:16.557"/>
</kw>
<status status="PASS" starttime="20220309 20:58:16.466" endtime="20220309 20:58:16.557"/>
</branch>
<status status="PASS" starttime="20220309 20:58:16.466" endtime="20220309 20:58:16.557"/>
</if>
<kw name="Fill Text" library="Browser">
<arg>id=cost</arg>
<arg>${geek_profile}[cost]</arg>
<tag>PageContent</tag>
<tag>Setter</tag>
<doc>Clears and fills the given ``txt`` into the text field found by ``selector``.</doc>
<msg timestamp="20220309 20:58:16.558" level="INFO">Fills the text '150' in the given field.</msg>
<status status="PASS" starttime="20220309 20:58:16.558" endtime="20220309 20:58:16.578"/>
</kw>
<status status="PASS" starttime="20220309 20:58:16.325" endtime="20220309 20:58:16.578"/>
</kw>
<kw name="Submit Geek Form" library="GeekActions">
<kw name="Click" library="Browser">
<arg>css=button &gt;&gt; text= Quero ser um Geek</arg>
<tag>PageContent</tag>
<tag>Setter</tag>
<doc>Simulates mouse click on the element found by ``selector``.</doc>
<status status="PASS" starttime="20220309 20:58:16.579" endtime="20220309 20:58:16.656"/>
</kw>
<status status="PASS" starttime="20220309 20:58:16.578" endtime="20220309 20:58:16.656"/>
</kw>
<kw name="Alert Span Should Be" library="_SharedActions">
<arg>${output_message}</arg>
<kw name="Wait For Elements State" library="Browser">
<arg>css=span[class=error] &gt;&gt; text=${expected_alert}</arg>
<arg>visible</arg>
<arg>5</arg>
<tag>PageContent</tag>
<tag>Wait</tag>
<doc>Waits for the element found by ``selector`` to satisfy state option.</doc>
<msg timestamp="20220309 20:58:16.674" level="INFO">Waited for Element with selector css=span[class=error] &gt;&gt; text=O Whatsapp deve ter 11 digitos contando com o DDD at state visible</msg>
<status status="PASS" starttime="20220309 20:58:16.658" endtime="20220309 20:58:16.674"/>
</kw>
<status status="PASS" starttime="20220309 20:58:16.657" endtime="20220309 20:58:16.675"/>
</kw>
<kw name="After Test" library="Base">
<kw name="Screenshot Name" library="Utils">
<var>${shot_name}</var>
<msg timestamp="20220309 20:58:16.677" level="INFO">${shot_name} = 9bb6b15456b46aacd0ebe9263c2abfebc7fed150</msg>
<status status="PASS" starttime="20220309 20:58:16.676" endtime="20220309 20:58:16.677"/>
</kw>
<kw name="Take Screenshot" library="Browser">
<arg>fullPage=True</arg>
<arg>filename=${shot_name}</arg>
<tag>PageContent</tag>
<doc>Takes a screenshot of the current window or element and saves it to disk.</doc>
<msg timestamp="20220309 20:58:16.901" level="INFO" html="true">&lt;/td&gt;&lt;/tr&gt;&lt;tr&gt;&lt;td colspan="3"&gt;&lt;a href="browser/screenshot/9bb6b15456b46aacd0ebe9263c2abfebc7fed150.png"&gt;&lt;img src="browser/screenshot/9bb6b15456b46aacd0ebe9263c2abfebc7fed150.png" width="800px"&gt;&lt;/a&gt;</msg>
<status status="PASS" starttime="20220309 20:58:16.678" endtime="20220309 20:58:16.901"/>
</kw>
<status status="PASS" starttime="20220309 20:58:16.675" endtime="20220309 20:58:16.901"/>
</kw>
<status status="PASS" starttime="20220309 20:58:16.318" endtime="20220309 20:58:16.901"/>
</kw>
<status status="PASS" starttime="20220309 20:58:16.312" endtime="20220309 20:58:16.902"/>
</test>
<test id="s1-s1-t7" name="Cost letters">
<kw name="Attempt Be a Geek">
<arg>cost</arg>
<arg>aaaa</arg>
<arg>Valor hora deve ser numérico</arg>
<kw name="Factory User" library="Users">
<var>${user}</var>
<arg>attempt_be_geek</arg>
<msg timestamp="20220309 20:58:16.917" level="INFO">${user} = {'name': 'Dio', 'lastname': 'Linux', 'email': 'dio@linux.com', 'password': 'qwe123', 'geek_profile': {'whats': '11999999999', 'desc': 'Lorem ipsum dolor sit amet, consectetur adipiscing elit. Nam tris...</msg>
<status status="PASS" starttime="20220309 20:58:16.916" endtime="20220309 20:58:16.917"/>
</kw>
<kw name="Set To Dictionary" library="Collections">
<arg>${user}[geek_profile]</arg>
<arg>${key}</arg>
<arg>${input_field}</arg>
<doc>Adds the given ``key_value_pairs`` and ``items`` to the ``dictionary``.</doc>
<status status="PASS" starttime="20220309 20:58:16.917" endtime="20220309 20:58:16.918"/>
</kw>
<kw name="Fill Geek Form" library="GeekActions">
<arg>${user}[geek_profile]</arg>
<kw name="Reset Geek Form" library="GeekActions">
<kw name="Execute JavaScript" library="Browser">
<arg>document.getElementsByClassName("be-geek-form")[0].reset();</arg>
<tag>Getter</tag>
<tag>PageContent</tag>
<tag>Setter</tag>
<doc>Executes given javascript on the page.</doc>
<status status="PASS" starttime="20220309 20:58:16.921" endtime="20220309 20:58:16.927"/>
</kw>
<status status="PASS" starttime="20220309 20:58:16.920" endtime="20220309 20:58:16.927"/>
</kw>
<kw name="Fill Text" library="Browser">
<arg>id=whatsapp</arg>
<arg>${geek_profile}[whats]</arg>
<tag>PageContent</tag>
<tag>Setter</tag>
<doc>Clears and fills the given ``txt`` into the text field found by ``selector``.</doc>
<msg timestamp="20220309 20:58:16.928" level="INFO">Fills the text '11999999999' in the given field.</msg>
<status status="PASS" starttime="20220309 20:58:16.928" endtime="20220309 20:58:16.950"/>
</kw>
<kw name="Fill Text" library="Browser">
<arg>id=desc</arg>
<arg>${geek_profile}[desc]</arg>
<tag>PageContent</tag>
<tag>Setter</tag>
<doc>Clears and fills the given ``txt`` into the text field found by ``selector``.</doc>
<msg timestamp="20220309 20:58:16.950" level="INFO">Fills the text 'Lorem ipsum dolor sit amet, consectetur adipiscing elit. Nam tristique mauris id pulvinar molestie. Integer tincidunt diam nec ullamcorper varius. Duis laoreet justo at sodales pulvinar. Nullam ornare egestas dapibus. Praesent sem tortor, eleifend in non.' in the given field.</msg>
<status status="PASS" starttime="20220309 20:58:16.950" endtime="20220309 20:58:16.973"/>
</kw>
<if>
<branch type="IF" condition="'${geek_profile}[printer_repair]'">
<kw name="Select Options By" library="Browser">
<arg>id=printer_repair</arg>
<arg>text</arg>
<arg>${geek_profile}[printer_repair]</arg>
<tag>PageContent</tag>
<tag>Setter</tag>
<doc>Selects options from select element found by ``selector``.</doc>
<status status="PASS" starttime="20220309 20:58:16.973" endtime="20220309 20:58:17.046"/>
</kw>
<status status="PASS" starttime="20220309 20:58:16.973" endtime="20220309 20:58:17.046"/>
</branch>
<status status="PASS" starttime="20220309 20:58:16.973" endtime="20220309 20:58:17.047"/>
</if>
<if>
<branch type="IF" condition="'${geek_profile}[work]'">
<kw name="Select Options By" library="Browser">
<arg>id=work</arg>
<arg>text</arg>
<arg>${geek_profile}[work]</arg>
<tag>PageContent</tag>
<tag>Setter</tag>
<doc>Selects options from select element found by ``selector``.</doc>
<status status="PASS" starttime="20220309 20:58:17.047" endtime="20220309 20:58:17.132"/>
</kw>
<status status="PASS" starttime="20220309 20:58:17.047" endtime="20220309 20:58:17.132"/>
</branch>
<status status="PASS" starttime="20220309 20:58:17.047" endtime="20220309 20:58:17.132"/>
</if>
<kw name="Fill Text" library="Browser">
<arg>id=cost</arg>
<arg>${geek_profile}[cost]</arg>
<tag>PageContent</tag>
<tag>Setter</tag>
<doc>Clears and fills the given ``txt`` into the text field found by ``selector``.</doc>
<msg timestamp="20220309 20:58:17.133" level="INFO">Fills the text 'aaaa' in the given field.</msg>
<status status="PASS" starttime="20220309 20:58:17.132" endtime="20220309 20:58:17.156"/>
</kw>
<status status="PASS" starttime="20220309 20:58:16.918" endtime="20220309 20:58:17.157"/>
</kw>
<kw name="Submit Geek Form" library="GeekActions">
<kw name="Click" library="Browser">
<arg>css=button &gt;&gt; text= Quero ser um Geek</arg>
<tag>PageContent</tag>
<tag>Setter</tag>
<doc>Simulates mouse click on the element found by ``selector``.</doc>
<status status="PASS" starttime="20220309 20:58:17.158" endtime="20220309 20:58:17.222"/>
</kw>
<status status="PASS" starttime="20220309 20:58:17.157" endtime="20220309 20:58:17.222"/>
</kw>
<kw name="Alert Span Should Be" library="_SharedActions">
<arg>${output_message}</arg>
<kw name="Wait For Elements State" library="Browser">
<arg>css=span[class=error] &gt;&gt; text=${expected_alert}</arg>
<arg>visible</arg>
<arg>5</arg>
<tag>PageContent</tag>
<tag>Wait</tag>
<doc>Waits for the element found by ``selector`` to satisfy state option.</doc>
<msg timestamp="20220309 20:58:17.234" level="INFO">Waited for Element with selector css=span[class=error] &gt;&gt; text=Valor hora deve ser numérico at state visible</msg>
<status status="PASS" starttime="20220309 20:58:17.223" endtime="20220309 20:58:17.235"/>
</kw>
<status status="PASS" starttime="20220309 20:58:17.222" endtime="20220309 20:58:17.236"/>
</kw>
<kw name="After Test" library="Base">
<kw name="Screenshot Name" library="Utils">
<var>${shot_name}</var>
<msg timestamp="20220309 20:58:17.238" level="INFO">${shot_name} = 62940cd1db3d32dcaa237144515751d58a4b910f</msg>
<status status="PASS" starttime="20220309 20:58:17.237" endtime="20220309 20:58:17.238"/>
</kw>
<kw name="Take Screenshot" library="Browser">
<arg>fullPage=True</arg>
<arg>filename=${shot_name}</arg>
<tag>PageContent</tag>
<doc>Takes a screenshot of the current window or element and saves it to disk.</doc>
<msg timestamp="20220309 20:58:17.428" level="INFO" html="true">&lt;/td&gt;&lt;/tr&gt;&lt;tr&gt;&lt;td colspan="3"&gt;&lt;a href="browser/screenshot/62940cd1db3d32dcaa237144515751d58a4b910f.png"&gt;&lt;img src="browser/screenshot/62940cd1db3d32dcaa237144515751d58a4b910f.png" width="800px"&gt;&lt;/a&gt;</msg>
<status status="PASS" starttime="20220309 20:58:17.238" endtime="20220309 20:58:17.428"/>
</kw>
<status status="PASS" starttime="20220309 20:58:17.236" endtime="20220309 20:58:17.428"/>
</kw>
<status status="PASS" starttime="20220309 20:58:16.915" endtime="20220309 20:58:17.428"/>
</kw>
<status status="PASS" starttime="20220309 20:58:16.911" endtime="20220309 20:58:17.429"/>
</test>
<test id="s1-s1-t8" name="Cost alpha">
<kw name="Attempt Be a Geek">
<arg>cost</arg>
<arg>aa12</arg>
<arg>Valor hora deve ser numérico</arg>
<kw name="Factory User" library="Users">
<var>${user}</var>
<arg>attempt_be_geek</arg>
<msg timestamp="20220309 20:58:17.442" level="INFO">${user} = {'name': 'Dio', 'lastname': 'Linux', 'email': 'dio@linux.com', 'password': 'qwe123', 'geek_profile': {'whats': '11999999999', 'desc': 'Lorem ipsum dolor sit amet, consectetur adipiscing elit. Nam tris...</msg>
<status status="PASS" starttime="20220309 20:58:17.441" endtime="20220309 20:58:17.442"/>
</kw>
<kw name="Set To Dictionary" library="Collections">
<arg>${user}[geek_profile]</arg>
<arg>${key}</arg>
<arg>${input_field}</arg>
<doc>Adds the given ``key_value_pairs`` and ``items`` to the ``dictionary``.</doc>
<status status="PASS" starttime="20220309 20:58:17.442" endtime="20220309 20:58:17.443"/>
</kw>
<kw name="Fill Geek Form" library="GeekActions">
<arg>${user}[geek_profile]</arg>
<kw name="Reset Geek Form" library="GeekActions">
<kw name="Execute JavaScript" library="Browser">
<arg>document.getElementsByClassName("be-geek-form")[0].reset();</arg>
<tag>Getter</tag>
<tag>PageContent</tag>
<tag>Setter</tag>
<doc>Executes given javascript on the page.</doc>
<status status="PASS" starttime="20220309 20:58:17.444" endtime="20220309 20:58:17.448"/>
</kw>
<status status="PASS" starttime="20220309 20:58:17.443" endtime="20220309 20:58:17.448"/>
</kw>
<kw name="Fill Text" library="Browser">
<arg>id=whatsapp</arg>
<arg>${geek_profile}[whats]</arg>
<tag>PageContent</tag>
<tag>Setter</tag>
<doc>Clears and fills the given ``txt`` into the text field found by ``selector``.</doc>
<msg timestamp="20220309 20:58:17.449" level="INFO">Fills the text '11999999999' in the given field.</msg>
<status status="PASS" starttime="20220309 20:58:17.449" endtime="20220309 20:58:17.471"/>
</kw>
<kw name="Fill Text" library="Browser">
<arg>id=desc</arg>
<arg>${geek_profile}[desc]</arg>
<tag>PageContent</tag>
<tag>Setter</tag>
<doc>Clears and fills the given ``txt`` into the text field found by ``selector``.</doc>
<msg timestamp="20220309 20:58:17.473" level="INFO">Fills the text 'Lorem ipsum dolor sit amet, consectetur adipiscing elit. Nam tristique mauris id pulvinar molestie. Integer tincidunt diam nec ullamcorper varius. Duis laoreet justo at sodales pulvinar. Nullam ornare egestas dapibus. Praesent sem tortor, eleifend in non.' in the given field.</msg>
<status status="PASS" starttime="20220309 20:58:17.472" endtime="20220309 20:58:17.497"/>
</kw>
<if>
<branch type="IF" condition="'${geek_profile}[printer_repair]'">
<kw name="Select Options By" library="Browser">
<arg>id=printer_repair</arg>
<arg>text</arg>
<arg>${geek_profile}[printer_repair]</arg>
<tag>PageContent</tag>
<tag>Setter</tag>
<doc>Selects options from select element found by ``selector``.</doc>
<status status="PASS" starttime="20220309 20:58:17.498" endtime="20220309 20:58:17.566"/>
</kw>
<status status="PASS" starttime="20220309 20:58:17.498" endtime="20220309 20:58:17.567"/>
</branch>
<status status="PASS" starttime="20220309 20:58:17.497" endtime="20220309 20:58:17.567"/>
</if>
<if>
<branch type="IF" condition="'${geek_profile}[work]'">
<kw name="Select Options By" library="Browser">
<arg>id=work</arg>
<arg>text</arg>
<arg>${geek_profile}[work]</arg>
<tag>PageContent</tag>
<tag>Setter</tag>
<doc>Selects options from select element found by ``selector``.</doc>
<status status="PASS" starttime="20220309 20:58:17.568" endtime="20220309 20:58:17.654"/>
</kw>
<status status="PASS" starttime="20220309 20:58:17.567" endtime="20220309 20:58:17.654"/>
</branch>
<status status="PASS" starttime="20220309 20:58:17.567" endtime="20220309 20:58:17.654"/>
</if>
<kw name="Fill Text" library="Browser">
<arg>id=cost</arg>
<arg>${geek_profile}[cost]</arg>
<tag>PageContent</tag>
<tag>Setter</tag>
<doc>Clears and fills the given ``txt`` into the text field found by ``selector``.</doc>
<msg timestamp="20220309 20:58:17.655" level="INFO">Fills the text 'aa12' in the given field.</msg>
<status status="PASS" starttime="20220309 20:58:17.654" endtime="20220309 20:58:17.675"/>
</kw>
<status status="PASS" starttime="20220309 20:58:17.443" endtime="20220309 20:58:17.676"/>
</kw>
<kw name="Submit Geek Form" library="GeekActions">
<kw name="Click" library="Browser">
<arg>css=button &gt;&gt; text= Quero ser um Geek</arg>
<tag>PageContent</tag>
<tag>Setter</tag>
<doc>Simulates mouse click on the element found by ``selector``.</doc>
<status status="PASS" starttime="20220309 20:58:17.677" endtime="20220309 20:58:17.752"/>
</kw>
<status status="PASS" starttime="20220309 20:58:17.676" endtime="20220309 20:58:17.754"/>
</kw>
<kw name="Alert Span Should Be" library="_SharedActions">
<arg>${output_message}</arg>
<kw name="Wait For Elements State" library="Browser">
<arg>css=span[class=error] &gt;&gt; text=${expected_alert}</arg>
<arg>visible</arg>
<arg>5</arg>
<tag>PageContent</tag>
<tag>Wait</tag>
<doc>Waits for the element found by ``selector`` to satisfy state option.</doc>
<msg timestamp="20220309 20:58:17.769" level="INFO">Waited for Element with selector css=span[class=error] &gt;&gt; text=Valor hora deve ser numérico at state visible</msg>
<status status="PASS" starttime="20220309 20:58:17.756" endtime="20220309 20:58:17.769"/>
</kw>
<status status="PASS" starttime="20220309 20:58:17.754" endtime="20220309 20:58:17.770"/>
</kw>
<kw name="After Test" library="Base">
<kw name="Screenshot Name" library="Utils">
<var>${shot_name}</var>
<msg timestamp="20220309 20:58:17.773" level="INFO">${shot_name} = 273f5ac3ccae753f36fbf0ef305e6a130ffbc912</msg>
<status status="PASS" starttime="20220309 20:58:17.772" endtime="20220309 20:58:17.773"/>
</kw>
<kw name="Take Screenshot" library="Browser">
<arg>fullPage=True</arg>
<arg>filename=${shot_name}</arg>
<tag>PageContent</tag>
<doc>Takes a screenshot of the current window or element and saves it to disk.</doc>
<msg timestamp="20220309 20:58:17.990" level="INFO" html="true">&lt;/td&gt;&lt;/tr&gt;&lt;tr&gt;&lt;td colspan="3"&gt;&lt;a href="browser/screenshot/273f5ac3ccae753f36fbf0ef305e6a130ffbc912.png"&gt;&lt;img src="browser/screenshot/273f5ac3ccae753f36fbf0ef305e6a130ffbc912.png" width="800px"&gt;&lt;/a&gt;</msg>
<status status="PASS" starttime="20220309 20:58:17.773" endtime="20220309 20:58:17.991"/>
</kw>
<status status="PASS" starttime="20220309 20:58:17.770" endtime="20220309 20:58:17.991"/>
</kw>
<status status="PASS" starttime="20220309 20:58:17.440" endtime="20220309 20:58:17.991"/>
</kw>
<status status="PASS" starttime="20220309 20:58:17.435" endtime="20220309 20:58:17.991"/>
</test>
<test id="s1-s1-t9" name="Cost special chars">
<kw name="Attempt Be a Geek">
<arg>cost</arg>
<arg>$@#*</arg>
<arg>Valor hora deve ser numérico</arg>
<kw name="Factory User" library="Users">
<var>${user}</var>
<arg>attempt_be_geek</arg>
<msg timestamp="20220309 20:58:18.006" level="INFO">${user} = {'name': 'Dio', 'lastname': 'Linux', 'email': 'dio@linux.com', 'password': 'qwe123', 'geek_profile': {'whats': '11999999999', 'desc': 'Lorem ipsum dolor sit amet, consectetur adipiscing elit. Nam tris...</msg>
<status status="PASS" starttime="20220309 20:58:18.005" endtime="20220309 20:58:18.006"/>
</kw>
<kw name="Set To Dictionary" library="Collections">
<arg>${user}[geek_profile]</arg>
<arg>${key}</arg>
<arg>${input_field}</arg>
<doc>Adds the given ``key_value_pairs`` and ``items`` to the ``dictionary``.</doc>
<status status="PASS" starttime="20220309 20:58:18.006" endtime="20220309 20:58:18.007"/>
</kw>
<kw name="Fill Geek Form" library="GeekActions">
<arg>${user}[geek_profile]</arg>
<kw name="Reset Geek Form" library="GeekActions">
<kw name="Execute JavaScript" library="Browser">
<arg>document.getElementsByClassName("be-geek-form")[0].reset();</arg>
<tag>Getter</tag>
<tag>PageContent</tag>
<tag>Setter</tag>
<doc>Executes given javascript on the page.</doc>
<status status="PASS" starttime="20220309 20:58:18.008" endtime="20220309 20:58:18.012"/>
</kw>
<status status="PASS" starttime="20220309 20:58:18.008" endtime="20220309 20:58:18.013"/>
</kw>
<kw name="Fill Text" library="Browser">
<arg>id=whatsapp</arg>
<arg>${geek_profile}[whats]</arg>
<tag>PageContent</tag>
<tag>Setter</tag>
<doc>Clears and fills the given ``txt`` into the text field found by ``selector``.</doc>
<msg timestamp="20220309 20:58:18.015" level="INFO">Fills the text '11999999999' in the given field.</msg>
<status status="PASS" starttime="20220309 20:58:18.014" endtime="20220309 20:58:18.035"/>
</kw>
<kw name="Fill Text" library="Browser">
<arg>id=desc</arg>
<arg>${geek_profile}[desc]</arg>
<tag>PageContent</tag>
<tag>Setter</tag>
<doc>Clears and fills the given ``txt`` into the text field found by ``selector``.</doc>
<msg timestamp="20220309 20:58:18.036" level="INFO">Fills the text 'Lorem ipsum dolor sit amet, consectetur adipiscing elit. Nam tristique mauris id pulvinar molestie. Integer tincidunt diam nec ullamcorper varius. Duis laoreet justo at sodales pulvinar. Nullam ornare egestas dapibus. Praesent sem tortor, eleifend in non.' in the given field.</msg>
<status status="PASS" starttime="20220309 20:58:18.036" endtime="20220309 20:58:18.055"/>
</kw>
<if>
<branch type="IF" condition="'${geek_profile}[printer_repair]'">
<kw name="Select Options By" library="Browser">
<arg>id=printer_repair</arg>
<arg>text</arg>
<arg>${geek_profile}[printer_repair]</arg>
<tag>PageContent</tag>
<tag>Setter</tag>
<doc>Selects options from select element found by ``selector``.</doc>
<status status="PASS" starttime="20220309 20:58:18.056" endtime="20220309 20:58:18.123"/>
</kw>
<status status="PASS" starttime="20220309 20:58:18.055" endtime="20220309 20:58:18.123"/>
</branch>
<status status="PASS" starttime="20220309 20:58:18.055" endtime="20220309 20:58:18.123"/>
</if>
<if>
<branch type="IF" condition="'${geek_profile}[work]'">
<kw name="Select Options By" library="Browser">
<arg>id=work</arg>
<arg>text</arg>
<arg>${geek_profile}[work]</arg>
<tag>PageContent</tag>
<tag>Setter</tag>
<doc>Selects options from select element found by ``selector``.</doc>
<status status="PASS" starttime="20220309 20:58:18.124" endtime="20220309 20:58:18.259"/>
</kw>
<status status="PASS" starttime="20220309 20:58:18.123" endtime="20220309 20:58:18.260"/>
</branch>
<status status="PASS" starttime="20220309 20:58:18.123" endtime="20220309 20:58:18.260"/>
</if>
<kw name="Fill Text" library="Browser">
<arg>id=cost</arg>
<arg>${geek_profile}[cost]</arg>
<tag>PageContent</tag>
<tag>Setter</tag>
<doc>Clears and fills the given ``txt`` into the text field found by ``selector``.</doc>
<msg timestamp="20220309 20:58:18.262" level="INFO">Fills the text '$@#*' in the given field.</msg>
<status status="PASS" starttime="20220309 20:58:18.261" endtime="20220309 20:58:18.329"/>
</kw>
<status status="PASS" starttime="20220309 20:58:18.007" endtime="20220309 20:58:18.330"/>
</kw>
<kw name="Submit Geek Form" library="GeekActions">
<kw name="Click" library="Browser">
<arg>css=button &gt;&gt; text= Quero ser um Geek</arg>
<tag>PageContent</tag>
<tag>Setter</tag>
<doc>Simulates mouse click on the element found by ``selector``.</doc>
<status status="PASS" starttime="20220309 20:58:18.332" endtime="20220309 20:58:18.449"/>
</kw>
<status status="PASS" starttime="20220309 20:58:18.331" endtime="20220309 20:58:18.450"/>
</kw>
<kw name="Alert Span Should Be" library="_SharedActions">
<arg>${output_message}</arg>
<kw name="Wait For Elements State" library="Browser">
<arg>css=span[class=error] &gt;&gt; text=${expected_alert}</arg>
<arg>visible</arg>
<arg>5</arg>
<tag>PageContent</tag>
<tag>Wait</tag>
<doc>Waits for the element found by ``selector`` to satisfy state option.</doc>
<msg timestamp="20220309 20:58:18.474" level="INFO">Waited for Element with selector css=span[class=error] &gt;&gt; text=Valor hora deve ser numérico at state visible</msg>
<status status="PASS" starttime="20220309 20:58:18.453" endtime="20220309 20:58:18.474"/>
</kw>
<status status="PASS" starttime="20220309 20:58:18.451" endtime="20220309 20:58:18.475"/>
</kw>
<kw name="After Test" library="Base">
<kw name="Screenshot Name" library="Utils">
<var>${shot_name}</var>
<msg timestamp="20220309 20:58:18.478" level="INFO">${shot_name} = d164decda90dc38c03cadbe3e6bdd23bd3bb26bd</msg>
<status status="PASS" starttime="20220309 20:58:18.477" endtime="20220309 20:58:18.478"/>
</kw>
<kw name="Take Screenshot" library="Browser">
<arg>fullPage=True</arg>
<arg>filename=${shot_name}</arg>
<tag>PageContent</tag>
<doc>Takes a screenshot of the current window or element and saves it to disk.</doc>
<msg timestamp="20220309 20:58:18.906" level="INFO" html="true">&lt;/td&gt;&lt;/tr&gt;&lt;tr&gt;&lt;td colspan="3"&gt;&lt;a href="browser/screenshot/d164decda90dc38c03cadbe3e6bdd23bd3bb26bd.png"&gt;&lt;img src="browser/screenshot/d164decda90dc38c03cadbe3e6bdd23bd3bb26bd.png" width="800px"&gt;&lt;/a&gt;</msg>
<status status="PASS" starttime="20220309 20:58:18.479" endtime="20220309 20:58:18.907"/>
</kw>
<status status="PASS" starttime="20220309 20:58:18.475" endtime="20220309 20:58:18.907"/>
</kw>
<status status="PASS" starttime="20220309 20:58:18.005" endtime="20220309 20:58:18.908"/>
</kw>
<status status="PASS" starttime="20220309 20:58:18.000" endtime="20220309 20:58:18.908"/>
</test>
<test id="s1-s1-t10" name="Empty cost">
<kw name="Attempt Be a Geek">
<arg>cost</arg>
<arg>${EMPTY}</arg>
<arg>Valor hora deve ser numérico</arg>
<kw name="Factory User" library="Users">
<var>${user}</var>
<arg>attempt_be_geek</arg>
<msg timestamp="20220309 20:58:18.960" level="INFO">${user} = {'name': 'Dio', 'lastname': 'Linux', 'email': 'dio@linux.com', 'password': 'qwe123', 'geek_profile': {'whats': '11999999999', 'desc': 'Lorem ipsum dolor sit amet, consectetur adipiscing elit. Nam tris...</msg>
<status status="PASS" starttime="20220309 20:58:18.958" endtime="20220309 20:58:18.961"/>
</kw>
<kw name="Set To Dictionary" library="Collections">
<arg>${user}[geek_profile]</arg>
<arg>${key}</arg>
<arg>${input_field}</arg>
<doc>Adds the given ``key_value_pairs`` and ``items`` to the ``dictionary``.</doc>
<status status="PASS" starttime="20220309 20:58:18.961" endtime="20220309 20:58:18.963"/>
</kw>
<kw name="Fill Geek Form" library="GeekActions">
<arg>${user}[geek_profile]</arg>
<kw name="Reset Geek Form" library="GeekActions">
<kw name="Execute JavaScript" library="Browser">
<arg>document.getElementsByClassName("be-geek-form")[0].reset();</arg>
<tag>Getter</tag>
<tag>PageContent</tag>
<tag>Setter</tag>
<doc>Executes given javascript on the page.</doc>
<status status="PASS" starttime="20220309 20:58:18.967" endtime="20220309 20:58:18.978"/>
</kw>
<status status="PASS" starttime="20220309 20:58:18.965" endtime="20220309 20:58:18.979"/>
</kw>
<kw name="Fill Text" library="Browser">
<arg>id=whatsapp</arg>
<arg>${geek_profile}[whats]</arg>
<tag>PageContent</tag>
<tag>Setter</tag>
<doc>Clears and fills the given ``txt`` into the text field found by ``selector``.</doc>
<msg timestamp="20220309 20:58:18.982" level="INFO">Fills the text '11999999999' in the given field.</msg>
<status status="PASS" starttime="20220309 20:58:18.980" endtime="20220309 20:58:19.019"/>
</kw>
<kw name="Fill Text" library="Browser">
<arg>id=desc</arg>
<arg>${geek_profile}[desc]</arg>
<tag>PageContent</tag>
<tag>Setter</tag>
<doc>Clears and fills the given ``txt`` into the text field found by ``selector``.</doc>
<msg timestamp="20220309 20:58:19.022" level="INFO">Fills the text 'Lorem ipsum dolor sit amet, consectetur adipiscing elit. Nam tristique mauris id pulvinar molestie. Integer tincidunt diam nec ullamcorper varius. Duis laoreet justo at sodales pulvinar. Nullam ornare egestas dapibus. Praesent sem tortor, eleifend in non.' in the given field.</msg>
<status status="PASS" starttime="20220309 20:58:19.021" endtime="20220309 20:58:19.056"/>
</kw>
<if>
<branch type="IF" condition="'${geek_profile}[printer_repair]'">
<kw name="Select Options By" library="Browser">
<arg>id=printer_repair</arg>
<arg>text</arg>
<arg>${geek_profile}[printer_repair]</arg>
<tag>PageContent</tag>
<tag>Setter</tag>
<doc>Selects options from select element found by ``selector``.</doc>
<status status="PASS" starttime="20220309 20:58:19.058" endtime="20220309 20:58:19.218"/>
</kw>
<status status="PASS" starttime="20220309 20:58:19.057" endtime="20220309 20:58:19.218"/>
</branch>
<status status="PASS" starttime="20220309 20:58:19.057" endtime="20220309 20:58:19.218"/>
</if>
<if>
<branch type="IF" condition="'${geek_profile}[work]'">
<kw name="Select Options By" library="Browser">
<arg>id=work</arg>
<arg>text</arg>
<arg>${geek_profile}[work]</arg>
<tag>PageContent</tag>
<tag>Setter</tag>
<doc>Selects options from select element found by ``selector``.</doc>
<status status="PASS" starttime="20220309 20:58:19.220" endtime="20220309 20:58:19.374"/>
</kw>
<status status="PASS" starttime="20220309 20:58:19.219" endtime="20220309 20:58:19.374"/>
</branch>
<status status="PASS" starttime="20220309 20:58:19.218" endtime="20220309 20:58:19.374"/>
</if>
<kw name="Fill Text" library="Browser">
<arg>id=cost</arg>
<arg>${geek_profile}[cost]</arg>
<tag>PageContent</tag>
<tag>Setter</tag>
<doc>Clears and fills the given ``txt`` into the text field found by ``selector``.</doc>
<msg timestamp="20220309 20:58:19.375" level="INFO">Fills the text '' in the given field.</msg>
<status status="PASS" starttime="20220309 20:58:19.374" endtime="20220309 20:58:19.403"/>
</kw>
<status status="PASS" starttime="20220309 20:58:18.963" endtime="20220309 20:58:19.403"/>
</kw>
<kw name="Submit Geek Form" library="GeekActions">
<kw name="Click" library="Browser">
<arg>css=button &gt;&gt; text= Quero ser um Geek</arg>
<tag>PageContent</tag>
<tag>Setter</tag>
<doc>Simulates mouse click on the element found by ``selector``.</doc>
<status status="PASS" starttime="20220309 20:58:19.405" endtime="20220309 20:58:19.503"/>
</kw>
<status status="PASS" starttime="20220309 20:58:19.404" endtime="20220309 20:58:19.503"/>
</kw>
<kw name="Alert Span Should Be" library="_SharedActions">
<arg>${output_message}</arg>
<kw name="Wait For Elements State" library="Browser">
<arg>css=span[class=error] &gt;&gt; text=${expected_alert}</arg>
<arg>visible</arg>
<arg>5</arg>
<tag>PageContent</tag>
<tag>Wait</tag>
<doc>Waits for the element found by ``selector`` to satisfy state option.</doc>
<msg timestamp="20220309 20:58:19.522" level="INFO">Waited for Element with selector css=span[class=error] &gt;&gt; text=Valor hora deve ser numérico at state visible</msg>
<status status="PASS" starttime="20220309 20:58:19.505" endtime="20220309 20:58:19.522"/>
</kw>
<status status="PASS" starttime="20220309 20:58:19.504" endtime="20220309 20:58:19.523"/>
</kw>
<kw name="After Test" library="Base">
<kw name="Screenshot Name" library="Utils">
<var>${shot_name}</var>
<msg timestamp="20220309 20:58:19.525" level="INFO">${shot_name} = 737a406e58e12318056912fd5439ea809cc124c6</msg>
<status status="PASS" starttime="20220309 20:58:19.524" endtime="20220309 20:58:19.525"/>
</kw>
<kw name="Take Screenshot" library="Browser">
<arg>fullPage=True</arg>
<arg>filename=${shot_name}</arg>
<tag>PageContent</tag>
<doc>Takes a screenshot of the current window or element and saves it to disk.</doc>
<msg timestamp="20220309 20:58:19.752" level="INFO" html="true">&lt;/td&gt;&lt;/tr&gt;&lt;tr&gt;&lt;td colspan="3"&gt;&lt;a href="browser/screenshot/737a406e58e12318056912fd5439ea809cc124c6.png"&gt;&lt;img src="browser/screenshot/737a406e58e12318056912fd5439ea809cc124c6.png" width="800px"&gt;&lt;/a&gt;</msg>
<status status="PASS" starttime="20220309 20:58:19.526" endtime="20220309 20:58:19.752"/>
</kw>
<status status="PASS" starttime="20220309 20:58:19.523" endtime="20220309 20:58:19.752"/>
</kw>
<status status="PASS" starttime="20220309 20:58:18.955" endtime="20220309 20:58:19.753"/>
</kw>
<status status="PASS" starttime="20220309 20:58:18.946" endtime="20220309 20:58:19.753"/>
</test>
<test id="s1-s1-t11" name="No printer repair">
<kw name="Attempt Be a Geek">
<arg>printer_repair</arg>
<arg>${EMPTY}</arg>
<arg>Por favor, informe se você é um Geek Supremo</arg>
<kw name="Factory User" library="Users">
<var>${user}</var>
<arg>attempt_be_geek</arg>
<msg timestamp="20220309 20:58:19.768" level="INFO">${user} = {'name': 'Dio', 'lastname': 'Linux', 'email': 'dio@linux.com', 'password': 'qwe123', 'geek_profile': {'whats': '11999999999', 'desc': 'Lorem ipsum dolor sit amet, consectetur adipiscing elit. Nam tris...</msg>
<status status="PASS" starttime="20220309 20:58:19.767" endtime="20220309 20:58:19.768"/>
</kw>
<kw name="Set To Dictionary" library="Collections">
<arg>${user}[geek_profile]</arg>
<arg>${key}</arg>
<arg>${input_field}</arg>
<doc>Adds the given ``key_value_pairs`` and ``items`` to the ``dictionary``.</doc>
<status status="PASS" starttime="20220309 20:58:19.768" endtime="20220309 20:58:19.769"/>
</kw>
<kw name="Fill Geek Form" library="GeekActions">
<arg>${user}[geek_profile]</arg>
<kw name="Reset Geek Form" library="GeekActions">
<kw name="Execute JavaScript" library="Browser">
<arg>document.getElementsByClassName("be-geek-form")[0].reset();</arg>
<tag>Getter</tag>
<tag>PageContent</tag>
<tag>Setter</tag>
<doc>Executes given javascript on the page.</doc>
<status status="PASS" starttime="20220309 20:58:19.770" endtime="20220309 20:58:19.774"/>
</kw>
<status status="PASS" starttime="20220309 20:58:19.769" endtime="20220309 20:58:19.775"/>
</kw>
<kw name="Fill Text" library="Browser">
<arg>id=whatsapp</arg>
<arg>${geek_profile}[whats]</arg>
<tag>PageContent</tag>
<tag>Setter</tag>
<doc>Clears and fills the given ``txt`` into the text field found by ``selector``.</doc>
<msg timestamp="20220309 20:58:19.776" level="INFO">Fills the text '11999999999' in the given field.</msg>
<status status="PASS" starttime="20220309 20:58:19.775" endtime="20220309 20:58:19.794"/>
</kw>
<kw name="Fill Text" library="Browser">
<arg>id=desc</arg>
<arg>${geek_profile}[desc]</arg>
<tag>PageContent</tag>
<tag>Setter</tag>
<doc>Clears and fills the given ``txt`` into the text field found by ``selector``.</doc>
<msg timestamp="20220309 20:58:19.796" level="INFO">Fills the text 'Lorem ipsum dolor sit amet, consectetur adipiscing elit. Nam tristique mauris id pulvinar molestie. Integer tincidunt diam nec ullamcorper varius. Duis laoreet justo at sodales pulvinar. Nullam ornare egestas dapibus. Praesent sem tortor, eleifend in non.' in the given field.</msg>
<status status="PASS" starttime="20220309 20:58:19.795" endtime="20220309 20:58:19.814"/>
</kw>
<if>
<branch type="IF" condition="'${geek_profile}[printer_repair]'">
<kw name="Select Options By" library="Browser">
<arg>id=printer_repair</arg>
<arg>text</arg>
<arg>${geek_profile}[printer_repair]</arg>
<tag>PageContent</tag>
<tag>Setter</tag>
<doc>Selects options from select element found by ``selector``.</doc>
<status status="NOT RUN" starttime="20220309 20:58:19.816" endtime="20220309 20:58:19.816"/>
</kw>
<status status="NOT RUN" starttime="20220309 20:58:19.815" endtime="20220309 20:58:19.816"/>
</branch>
<status status="PASS" starttime="20220309 20:58:19.815" endtime="20220309 20:58:19.816"/>
</if>
<if>
<branch type="IF" condition="'${geek_profile}[work]'">
<kw name="Select Options By" library="Browser">
<arg>id=work</arg>
<arg>text</arg>
<arg>${geek_profile}[work]</arg>
<tag>PageContent</tag>
<tag>Setter</tag>
<doc>Selects options from select element found by ``selector``.</doc>
<status status="PASS" starttime="20220309 20:58:19.817" endtime="20220309 20:58:19.903"/>
</kw>
<status status="PASS" starttime="20220309 20:58:19.817" endtime="20220309 20:58:19.903"/>
</branch>
<status status="PASS" starttime="20220309 20:58:19.817" endtime="20220309 20:58:19.903"/>
</if>
<kw name="Fill Text" library="Browser">
<arg>id=cost</arg>
<arg>${geek_profile}[cost]</arg>
<tag>PageContent</tag>
<tag>Setter</tag>
<doc>Clears and fills the given ``txt`` into the text field found by ``selector``.</doc>
<msg timestamp="20220309 20:58:19.904" level="INFO">Fills the text '150' in the given field.</msg>
<status status="PASS" starttime="20220309 20:58:19.904" endtime="20220309 20:58:19.922"/>
</kw>
<status status="PASS" starttime="20220309 20:58:19.769" endtime="20220309 20:58:19.923"/>
</kw>
<kw name="Submit Geek Form" library="GeekActions">
<kw name="Click" library="Browser">
<arg>css=button &gt;&gt; text= Quero ser um Geek</arg>
<tag>PageContent</tag>
<tag>Setter</tag>
<doc>Simulates mouse click on the element found by ``selector``.</doc>
<status status="PASS" starttime="20220309 20:58:19.923" endtime="20220309 20:58:19.991"/>
</kw>
<status status="PASS" starttime="20220309 20:58:19.923" endtime="20220309 20:58:19.991"/>
</kw>
<kw name="Alert Span Should Be" library="_SharedActions">
<arg>${output_message}</arg>
<kw name="Wait For Elements State" library="Browser">
<arg>css=span[class=error] &gt;&gt; text=${expected_alert}</arg>
<arg>visible</arg>
<arg>5</arg>
<tag>PageContent</tag>
<tag>Wait</tag>
<doc>Waits for the element found by ``selector`` to satisfy state option.</doc>
<msg timestamp="20220309 20:58:20.002" level="INFO">Waited for Element with selector css=span[class=error] &gt;&gt; text=Por favor, informe se você é um Geek Supremo at state visible</msg>
<status status="PASS" starttime="20220309 20:58:19.992" endtime="20220309 20:58:20.002"/>
</kw>
<status status="PASS" starttime="20220309 20:58:19.992" endtime="20220309 20:58:20.003"/>
</kw>
<kw name="After Test" library="Base">
[...]
</kw>
<kw name="Fill Signup Form" library="SignupActions">
<arg>${user}</arg>
<kw name="Fill Text" library="Browser">
<arg>id=name</arg>
<arg>${user}[name]</arg>
<tag>PageContent</tag>
<tag>Setter</tag>
<doc>Clears and fills the given ``txt`` into the text field found by ``selector``.</doc>
<msg timestamp="20220309 20:58:39.960" level="INFO">Fills the text 'Fernando' in the given field.</msg>
<status status="PASS" starttime="20220309 20:58:39.960" endtime="20220309 20:58:39.978"/>
</kw>
<kw name="Fill Text" library="Browser">
<arg>id=lastname</arg>
<arg>${user}[lastname]</arg>
<tag>PageContent</tag>
<tag>Setter</tag>
<doc>Clears and fills the given ``txt`` into the text field found by ``selector``.</doc>
<msg timestamp="20220309 20:58:39.979" level="INFO">Fills the text 'Papito' in the given field.</msg>
<status status="PASS" starttime="20220309 20:58:39.978" endtime="20220309 20:58:39.999"/>
</kw>
<kw name="Fill Text" library="Browser">
<arg>id=email</arg>
<arg>${user}[email]</arg>
<tag>PageContent</tag>
<tag>Setter</tag>
<doc>Clears and fills the given ``txt`` into the text field found by ``selector``.</doc>
<msg timestamp="20220309 20:58:39.999" level="INFO">Fills the text 'papito@hotmail.com' in the given field.</msg>
<status status="PASS" starttime="20220309 20:58:39.999" endtime="20220309 20:58:40.018"/>
</kw>
<kw name="Fill Text" library="Browser">
<arg>id=password</arg>
<arg>${user}[password]</arg>
<tag>PageContent</tag>
<tag>Setter</tag>
<doc>Clears and fills the given ``txt`` into the text field found by ``selector``.</doc>
<msg timestamp="20220309 20:58:40.020" level="INFO">Fills the text '12345' in the given field.</msg>
<status status="PASS" starttime="20220309 20:58:40.019" endtime="20220309 20:58:40.037"/>
</kw>
<status status="PASS" starttime="20220309 20:58:39.959" endtime="20220309 20:58:40.038"/>
</kw>
<kw name="Submit Signup Form" library="SignupActions">
<kw name="Click" library="Browser">
<arg>css=.submit-button &gt;&gt; text=Cadastrar</arg>
<tag>PageContent</tag>
<tag>Setter</tag>
<doc>Simulates mouse click on the element found by ``selector``.</doc>
<status status="PASS" starttime="20220309 20:58:40.038" endtime="20220309 20:58:40.088"/>
</kw>
<status status="PASS" starttime="20220309 20:58:40.038" endtime="20220309 20:58:40.088"/>
</kw>
<kw name="Alert Span Should Be" library="_SharedActions">
<arg>Informe uma senha com pelo menos 6 caracteres</arg>
<kw name="Wait For Elements State" library="Browser">
<arg>css=span[class=error] &gt;&gt; text=${expected_alert}</arg>
<arg>visible</arg>
<arg>5</arg>
<tag>PageContent</tag>
<tag>Wait</tag>
<doc>Waits for the element found by ``selector`` to satisfy state option.</doc>
<msg timestamp="20220309 20:58:40.100" level="INFO">Waited for Element with selector css=span[class=error] &gt;&gt; text=Informe uma senha com pelo menos 6 caracteres at state visible</msg>
<status status="PASS" starttime="20220309 20:58:40.089" endtime="20220309 20:58:40.100"/>
</kw>
<status status="PASS" starttime="20220309 20:58:40.089" endtime="20220309 20:58:40.100"/>
</kw>
<status status="PASS" starttime="20220309 20:58:39.423" endtime="20220309 20:58:40.100"/>
</kw>
<kw name="Signup With Short Pass">
<arg>a23bc</arg>
<kw name="Create Dictionary" library="BuiltIn">
<var>${user}</var>
<arg>name=Fernando</arg>
<arg>lastname=Papito</arg>
<arg>email=papito@hotmail.com</arg>
<arg>password=12345</arg>
<doc>Creates and returns a dictionary based on the given ``items``.</doc>
<msg timestamp="20220309 20:58:40.102" level="INFO">${user} = {'name': 'Fernando', 'lastname': 'Papito', 'email': 'papito@hotmail.com', 'password': '12345'}</msg>
<status status="PASS" starttime="20220309 20:58:40.101" endtime="20220309 20:58:40.102"/>
</kw>
<kw name="Go To Signup Form" library="SignupActions">
<kw name="Go To" library="Browser">
<arg>${BASE_URL}/signup</arg>
<tag>BrowserControl</tag>
<tag>Setter</tag>
<doc>Navigates to the given ``url``.</doc>
<msg timestamp="20220309 20:58:40.634" level="INFO">Successfully opened URL https://getgeeks-kesia.herokuapp.com/signup</msg>
<status status="PASS" starttime="20220309 20:58:40.103" endtime="20220309 20:58:40.634"/>
</kw>
<kw name="Wait For Elements State" library="Browser">
<arg>css=.signup-form</arg>
<arg>visible</arg>
<arg>5</arg>
<tag>PageContent</tag>
<tag>Wait</tag>
<doc>Waits for the element found by ``selector`` to satisfy state option.</doc>
<msg timestamp="20220309 20:58:40.657" level="INFO">Waited for Element with selector css=.signup-form at state visible</msg>
<status status="PASS" starttime="20220309 20:58:40.635" endtime="20220309 20:58:40.658"/>
</kw>
<status status="PASS" starttime="20220309 20:58:40.102" endtime="20220309 20:58:40.658"/>
</kw>
<kw name="Fill Signup Form" library="SignupActions">
<arg>${user}</arg>
<kw name="Fill Text" library="Browser">
<arg>id=name</arg>
<arg>${user}[name]</arg>
<tag>PageContent</tag>
<tag>Setter</tag>
<doc>Clears and fills the given ``txt`` into the text field found by ``selector``.</doc>
<msg timestamp="20220309 20:58:40.660" level="INFO">Fills the text 'Fernando' in the given field.</msg>
<status status="PASS" starttime="20220309 20:58:40.660" endtime="20220309 20:58:40.685"/>
</kw>
<kw name="Fill Text" library="Browser">
<arg>id=lastname</arg>
<arg>${user}[lastname]</arg>
<tag>PageContent</tag>
<tag>Setter</tag>
<doc>Clears and fills the given ``txt`` into the text field found by ``selector``.</doc>
<msg timestamp="20220309 20:58:40.686" level="INFO">Fills the text 'Papito' in the given field.</msg>
<status status="PASS" starttime="20220309 20:58:40.685" endtime="20220309 20:58:40.708"/>
</kw>
<kw name="Fill Text" library="Browser">
<arg>id=email</arg>
<arg>${user}[email]</arg>
<tag>PageContent</tag>
<tag>Setter</tag>
<doc>Clears and fills the given ``txt`` into the text field found by ``selector``.</doc>
<msg timestamp="20220309 20:58:40.710" level="INFO">Fills the text 'papito@hotmail.com' in the given field.</msg>
<status status="PASS" starttime="20220309 20:58:40.709" endtime="20220309 20:58:40.732"/>
</kw>
<kw name="Fill Text" library="Browser">
<arg>id=password</arg>
<arg>${user}[password]</arg>
<tag>PageContent</tag>
<tag>Setter</tag>
<doc>Clears and fills the given ``txt`` into the text field found by ``selector``.</doc>
<msg timestamp="20220309 20:58:40.733" level="INFO">Fills the text '12345' in the given field.</msg>
<status status="PASS" starttime="20220309 20:58:40.733" endtime="20220309 20:58:40.753"/>
</kw>
<status status="PASS" starttime="20220309 20:58:40.658" endtime="20220309 20:58:40.753"/>
</kw>
<kw name="Submit Signup Form" library="SignupActions">
<kw name="Click" library="Browser">
<arg>css=.submit-button &gt;&gt; text=Cadastrar</arg>
<tag>PageContent</tag>
<tag>Setter</tag>
<doc>Simulates mouse click on the element found by ``selector``.</doc>
<status status="PASS" starttime="20220309 20:58:40.754" endtime="20220309 20:58:40.835"/>
</kw>
<status status="PASS" starttime="20220309 20:58:40.754" endtime="20220309 20:58:40.835"/>
</kw>
<kw name="Alert Span Should Be" library="_SharedActions">
<arg>Informe uma senha com pelo menos 6 caracteres</arg>
<kw name="Wait For Elements State" library="Browser">
<arg>css=span[class=error] &gt;&gt; text=${expected_alert}</arg>
<arg>visible</arg>
<arg>5</arg>
<tag>PageContent</tag>
<tag>Wait</tag>
<doc>Waits for the element found by ``selector`` to satisfy state option.</doc>
<msg timestamp="20220309 20:58:40.856" level="INFO">Waited for Element with selector css=span[class=error] &gt;&gt; text=Informe uma senha com pelo menos 6 caracteres at state visible</msg>
<status status="PASS" starttime="20220309 20:58:40.837" endtime="20220309 20:58:40.856"/>
</kw>
<status status="PASS" starttime="20220309 20:58:40.836" endtime="20220309 20:58:40.857"/>
</kw>
<status status="PASS" starttime="20220309 20:58:40.101" endtime="20220309 20:58:40.857"/>
</kw>
<kw name="Signup With Short Pass">
<arg>-1</arg>
<kw name="Create Dictionary" library="BuiltIn">
<var>${user}</var>
<arg>name=Fernando</arg>
<arg>lastname=Papito</arg>
<arg>email=papito@hotmail.com</arg>
<arg>password=12345</arg>
<doc>Creates and returns a dictionary based on the given ``items``.</doc>
<msg timestamp="20220309 20:58:40.859" level="INFO">${user} = {'name': 'Fernando', 'lastname': 'Papito', 'email': 'papito@hotmail.com', 'password': '12345'}</msg>
<status status="PASS" starttime="20220309 20:58:40.858" endtime="20220309 20:58:40.859"/>
</kw>
<kw name="Go To Signup Form" library="SignupActions">
<kw name="Go To" library="Browser">
<arg>${BASE_URL}/signup</arg>
<tag>BrowserControl</tag>
<tag>Setter</tag>
<doc>Navigates to the given ``url``.</doc>
<msg timestamp="20220309 20:58:41.388" level="INFO">Successfully opened URL https://getgeeks-kesia.herokuapp.com/signup</msg>
<status status="PASS" starttime="20220309 20:58:40.860" endtime="20220309 20:58:41.389"/>
</kw>
<kw name="Wait For Elements State" library="Browser">
<arg>css=.signup-form</arg>
<arg>visible</arg>
<arg>5</arg>
<tag>PageContent</tag>
<tag>Wait</tag>
<doc>Waits for the element found by ``selector`` to satisfy state option.</doc>
<msg timestamp="20220309 20:58:41.406" level="INFO">Waited for Element with selector css=.signup-form at state visible</msg>
<status status="PASS" starttime="20220309 20:58:41.389" endtime="20220309 20:58:41.406"/>
</kw>
<status status="PASS" starttime="20220309 20:58:40.859" endtime="20220309 20:58:41.407"/>
</kw>
<kw name="Fill Signup Form" library="SignupActions">
<arg>${user}</arg>
<kw name="Fill Text" library="Browser">
<arg>id=name</arg>
<arg>${user}[name]</arg>
<tag>PageContent</tag>
<tag>Setter</tag>
<doc>Clears and fills the given ``txt`` into the text field found by ``selector``.</doc>
<msg timestamp="20220309 20:58:41.409" level="INFO">Fills the text 'Fernando' in the given field.</msg>
<status status="PASS" starttime="20220309 20:58:41.408" endtime="20220309 20:58:41.430"/>
</kw>
<kw name="Fill Text" library="Browser">
<arg>id=lastname</arg>
<arg>${user}[lastname]</arg>
<tag>PageContent</tag>
<tag>Setter</tag>
<doc>Clears and fills the given ``txt`` into the text field found by ``selector``.</doc>
<msg timestamp="20220309 20:58:41.431" level="INFO">Fills the text 'Papito' in the given field.</msg>
<status status="PASS" starttime="20220309 20:58:41.430" endtime="20220309 20:58:41.450"/>
</kw>
<kw name="Fill Text" library="Browser">
<arg>id=email</arg>
<arg>${user}[email]</arg>
<tag>PageContent</tag>
<tag>Setter</tag>
<doc>Clears and fills the given ``txt`` into the text field found by ``selector``.</doc>
<msg timestamp="20220309 20:58:41.451" level="INFO">Fills the text 'papito@hotmail.com' in the given field.</msg>
<status status="PASS" starttime="20220309 20:58:41.451" endtime="20220309 20:58:41.469"/>
</kw>
<kw name="Fill Text" library="Browser">
<arg>id=password</arg>
<arg>${user}[password]</arg>
<tag>PageContent</tag>
<tag>Setter</tag>
<doc>Clears and fills the given ``txt`` into the text field found by ``selector``.</doc>
<msg timestamp="20220309 20:58:41.470" level="INFO">Fills the text '12345' in the given field.</msg>
<status status="PASS" starttime="20220309 20:58:41.470" endtime="20220309 20:58:41.491"/>
</kw>
<status status="PASS" starttime="20220309 20:58:41.407" endtime="20220309 20:58:41.492"/>
</kw>
<kw name="Submit Signup Form" library="SignupActions">
<kw name="Click" library="Browser">
<arg>css=.submit-button &gt;&gt; text=Cadastrar</arg>
<tag>PageContent</tag>
<tag>Setter</tag>
<doc>Simulates mouse click on the element found by ``selector``.</doc>
<status status="PASS" starttime="20220309 20:58:41.493" endtime="20220309 20:58:41.565"/>
</kw>
<status status="PASS" starttime="20220309 20:58:41.492" endtime="20220309 20:58:41.565"/>
</kw>
<kw name="Alert Span Should Be" library="_SharedActions">
<arg>Informe uma senha com pelo menos 6 caracteres</arg>
<kw name="Wait For Elements State" library="Browser">
<arg>css=span[class=error] &gt;&gt; text=${expected_alert}</arg>
<arg>visible</arg>
<arg>5</arg>
<tag>PageContent</tag>
<tag>Wait</tag>
<doc>Waits for the element found by ``selector`` to satisfy state option.</doc>
<msg timestamp="20220309 20:58:41.574" level="INFO">Waited for Element with selector css=span[class=error] &gt;&gt; text=Informe uma senha com pelo menos 6 caracteres at state visible</msg>
<status status="PASS" starttime="20220309 20:58:41.566" endtime="20220309 20:58:41.574"/>
</kw>
<status status="PASS" starttime="20220309 20:58:41.565" endtime="20220309 20:58:41.575"/>
</kw>
<status status="PASS" starttime="20220309 20:58:40.857" endtime="20220309 20:58:41.575"/>
</kw>
<kw name="Signup With Short Pass">
<arg>abc#1</arg>
<kw name="Create Dictionary" library="BuiltIn">
<var>${user}</var>
<arg>name=Fernando</arg>
<arg>lastname=Papito</arg>
<arg>email=papito@hotmail.com</arg>
<arg>password=12345</arg>
<doc>Creates and returns a dictionary based on the given ``items``.</doc>
<msg timestamp="20220309 20:58:41.577" level="INFO">${user} = {'name': 'Fernando', 'lastname': 'Papito', 'email': 'papito@hotmail.com', 'password': '12345'}</msg>
<status status="PASS" starttime="20220309 20:58:41.576" endtime="20220309 20:58:41.577"/>
</kw>
<kw name="Go To Signup Form" library="SignupActions">
<kw name="Go To" library="Browser">
<arg>${BASE_URL}/signup</arg>
<tag>BrowserControl</tag>
<tag>Setter</tag>
<doc>Navigates to the given ``url``.</doc>
<msg timestamp="20220309 20:58:42.099" level="INFO">Successfully opened URL https://getgeeks-kesia.herokuapp.com/signup</msg>
<status status="PASS" starttime="20220309 20:58:41.578" endtime="20220309 20:58:42.099"/>
</kw>
<kw name="Wait For Elements State" library="Browser">
<arg>css=.signup-form</arg>
<arg>visible</arg>
<arg>5</arg>
<tag>PageContent</tag>
<tag>Wait</tag>
<doc>Waits for the element found by ``selector`` to satisfy state option.</doc>
<msg timestamp="20220309 20:58:42.114" level="INFO">Waited for Element with selector css=.signup-form at state visible</msg>
<status status="PASS" starttime="20220309 20:58:42.100" endtime="20220309 20:58:42.114"/>
</kw>
<status status="PASS" starttime="20220309 20:58:41.577" endtime="20220309 20:58:42.115"/>
</kw>
<kw name="Fill Signup Form" library="SignupActions">
<arg>${user}</arg>
<kw name="Fill Text" library="Browser">
<arg>id=name</arg>
<arg>${user}[name]</arg>
<tag>PageContent</tag>
<tag>Setter</tag>
<doc>Clears and fills the given ``txt`` into the text field found by ``selector``.</doc>
<msg timestamp="20220309 20:58:42.116" level="INFO">Fills the text 'Fernando' in the given field.</msg>
<status status="PASS" starttime="20220309 20:58:42.115" endtime="20220309 20:58:42.131"/>
</kw>
<kw name="Fill Text" library="Browser">
<arg>id=lastname</arg>
<arg>${user}[lastname]</arg>
<tag>PageContent</tag>
<tag>Setter</tag>
<doc>Clears and fills the given ``txt`` into the text field found by ``selector``.</doc>
<msg timestamp="20220309 20:58:42.132" level="INFO">Fills the text 'Papito' in the given field.</msg>
<status status="PASS" starttime="20220309 20:58:42.132" endtime="20220309 20:58:42.146"/>
</kw>
<kw name="Fill Text" library="Browser">
<arg>id=email</arg>
<arg>${user}[email]</arg>
<tag>PageContent</tag>
<tag>Setter</tag>
<doc>Clears and fills the given ``txt`` into the text field found by ``selector``.</doc>
<msg timestamp="20220309 20:58:42.147" level="INFO">Fills the text 'papito@hotmail.com' in the given field.</msg>
<status status="PASS" starttime="20220309 20:58:42.147" endtime="20220309 20:58:42.163"/>
</kw>
<kw name="Fill Text" library="Browser">
<arg>id=password</arg>
<arg>${user}[password]</arg>
<tag>PageContent</tag>
<tag>Setter</tag>
<doc>Clears and fills the given ``txt`` into the text field found by ``selector``.</doc>
<msg timestamp="20220309 20:58:42.164" level="INFO">Fills the text '12345' in the given field.</msg>
<status status="PASS" starttime="20220309 20:58:42.163" endtime="20220309 20:58:42.178"/>
</kw>
<status status="PASS" starttime="20220309 20:58:42.115" endtime="20220309 20:58:42.179"/>
</kw>
<kw name="Submit Signup Form" library="SignupActions">
<kw name="Click" library="Browser">
<arg>css=.submit-button &gt;&gt; text=Cadastrar</arg>
<tag>PageContent</tag>
<tag>Setter</tag>
<doc>Simulates mouse click on the element found by ``selector``.</doc>
<status status="PASS" starttime="20220309 20:58:42.179" endtime="20220309 20:58:42.239"/>
</kw>
<status status="PASS" starttime="20220309 20:58:42.179" endtime="20220309 20:58:42.239"/>
</kw>
<kw name="Alert Span Should Be" library="_SharedActions">
<arg>Informe uma senha com pelo menos 6 caracteres</arg>
<kw name="Wait For Elements State" library="Browser">
<arg>css=span[class=error] &gt;&gt; text=${expected_alert}</arg>
<arg>visible</arg>
<arg>5</arg>
<tag>PageContent</tag>
<tag>Wait</tag>
<doc>Waits for the element found by ``selector`` to satisfy state option.</doc>
<msg timestamp="20220309 20:58:42.249" level="INFO">Waited for Element with selector css=span[class=error] &gt;&gt; text=Informe uma senha com pelo menos 6 caracteres at state visible</msg>
<status status="PASS" starttime="20220309 20:58:42.240" endtime="20220309 20:58:42.249"/>
</kw>
<status status="PASS" starttime="20220309 20:58:42.240" endtime="20220309 20:58:42.249"/>
</kw>
<status status="PASS" starttime="20220309 20:58:41.576" endtime="20220309 20:58:42.250"/>
</kw>
<kw name="After Test" library="Base" type="TEARDOWN">
<kw name="Screenshot Name" library="Utils">
<var>${shot_name}</var>
<msg timestamp="20220309 20:58:42.251" level="INFO">${shot_name} = 0424e0956f4776658094ee9bab6af6d47940f0a7</msg>
<status status="PASS" starttime="20220309 20:58:42.250" endtime="20220309 20:58:42.251"/>
</kw>
<kw name="Take Screenshot" library="Browser">
<arg>fullPage=True</arg>
<arg>filename=${shot_name}</arg>
<tag>PageContent</tag>
<doc>Takes a screenshot of the current window or element and saves it to disk.</doc>
<msg timestamp="20220309 20:58:42.477" level="INFO" html="true">&lt;/td&gt;&lt;/tr&gt;&lt;tr&gt;&lt;td colspan="3"&gt;&lt;a href="browser/screenshot/0424e0956f4776658094ee9bab6af6d47940f0a7.png"&gt;&lt;img src="browser/screenshot/0424e0956f4776658094ee9bab6af6d47940f0a7.png" width="800px"&gt;&lt;/a&gt;</msg>
<status status="PASS" starttime="20220309 20:58:42.251" endtime="20220309 20:58:42.477"/>
</kw>
<status status="PASS" starttime="20220309 20:58:42.250" endtime="20220309 20:58:42.478"/>
</kw>
<tag>attempt_signup</tag>
<tag>short_pass</tag>
<status status="PASS" starttime="20220309 20:58:29.979" endtime="20220309 20:58:42.478"/>
</test>
<doc>Signup Test Suite</doc>
<status status="PASS" starttime="20220309 20:57:59.598" endtime="20220309 20:58:42.501"/>
</suite>
<doc>[https://pabot.org/?ref=log|Pabot] result from 4 executions.</doc>
<status status="PASS" starttime="20220309 20:57:59.512" endtime="20220309 20:58:42.505"/>
</suite>
<statistics>
<total>
<stat pass="25" fail="0" skip="0">All Tests</stat>
</total>
<tag>
<stat pass="4" fail="0" skip="0">attempt_login</stat>
<stat pass="3" fail="0" skip="0">attempt_signup</stat>
<stat pass="3" fail="0" skip="0">des</stat>
<stat pass="1" fail="0" skip="0">dup_email</stat>
<stat pass="1" fail="0" skip="0">i_email</stat>
<stat pass="1" fail="0" skip="0">i_pass</stat>
<stat pass="1" fail="0" skip="0">mand_email</stat>
<stat pass="1" fail="0" skip="0">mand_f</stat>
<stat pass="1" fail="0" skip="0">mand_fields</stat>
<stat pass="1" fail="0" skip="0">mand_pass</stat>
<stat pass="1" fail="0" skip="0">short_pass</stat>
<stat pass="3" fail="0" skip="0">smoke</stat>
<stat pass="1" fail="0" skip="0">user_404</stat>
</tag>
<suite>
<stat pass="25" fail="0" skip="0" id="s1" name="Tests">Tests</stat>
<stat pass="12" fail="0" skip="0" id="s1-s1" name="AttemptBeGeek">Tests.AttemptBeGeek</stat>
<stat pass="1" fail="0" skip="0" id="s1-s2" name="BeGeek">Tests.BeGeek</stat>
<stat pass="7" fail="0" skip="0" id="s1-s3" name="Login">Tests.Login</stat>
<stat pass="5" fail="0" skip="0" id="s1-s4" name="Signup">Tests.Signup</stat>
</suite>
</statistics>
<errors>
</errors>
</robot>
